#
# A fatal error has been detected by the Java Runtime Environment:
#
#  EXCEPTION_ACCESS_VIOLATION (0xc0000005) at pc=0x00007fff20fd7a1c, pid=20820, tid=15180
#
# JRE version: OpenJDK Runtime Environment 18.9 (11.0.11+9) (build 11.0.11+9)
# Java VM: OpenJDK 64-Bit Server VM 18.9 (11.0.11+9, mixed mode, tiered, compressed oops, g1 gc, windows-amd64)
# Problematic frame:
# C  [xerces-c_3_2.dll+0x7a1c]
#
# No core dump will be written. Minidumps are not enabled by default on client versions of Windows
#
# If you would like to submit a bug report, please visit:
#   https://bugreport.java.com/bugreport/crash.jsp
# The crash happened outside the Java Virtual Machine in native code.
# See problematic frame for where to report the bug.
#

---------------  S U M M A R Y ------------

Command Line: -Dsun.java2d.pmoffscreen=false -Dhttps.protocols=TLSv1,TLSv1.1,TLSv1.2 -Dsun.java2d.xrender=false -Dsun.java2d.d3d=false -Dsun.awt.nopixfmt=true -Dsun.java2d.dpiaware=true -Dsun.java2d.uiScale.enabled=false -Xverify:none -Dswing.aatext=true -XX:-UsePerfData -Djdk.map.althashing.threshold=512 -XX:StringTableSize=4072 --add-opens=java.desktop/com.sun.awt=ALL-UNNAMED --add-opens=java.desktop/javax.swing.plaf.synth=ALL-UNNAMED --add-opens=java.base/java.nio=ALL-UNNAMED --add-opens=java.desktop/sun.swing=ALL-UNNAMED --add-opens=java.desktop/javax.swing=ALL-UNNAMED --add-opens=java.desktop/javax.swing.tree=ALL-UNNAMED --add-opens=java.desktop/javax.swing.plaf.basic=ALL-UNNAMED --add-opens=java.desktop/javax.swing.plaf.synth=ALL-UNNAMED --add-opens=java.desktop/javax.swing.plaf.basic=ALL-UNNAMED --add-opens=java.desktop/javax.swing=ALL-UNNAMED --add-opens=java.desktop/javax.swing.tree=ALL-UNNAMED --add-opens=java.desktop/java.awt.event=ALL-UNNAMED --add-exports=java.desktop/javax.swing.plaf.synth=ALL-UNNAMED --add-exports=java.base/java.nio=ALL-UNNAMED --add-exports=java.desktop/sun.swing=ALL-UNNAMED --add-exports=java.desktop/javax.swing=ALL-UNNAMED --add-exports=java.desktop/javax.swing.tree=ALL-UNNAMED --add-exports=java.desktop/javax.swing.plaf.basic=ALL-UNNAMED --add-exports=java.desktop/sun.swing=ALL-UNNAMED --add-exports=java.desktop/sun.swing.table=ALL-UNNAMED --add-exports=java.desktop/sun.swing.plaf.synth=ALL-UNNAMED --add-exports=java.desktop/sun.awt.shell=ALL-UNNAMED --add-exports=java.base/sun.security.action=ALL-UNNAMED --add-exports=java.desktop/sun.font=ALL-UNNAMED -XX:NewSize=60m -XX:MaxNewSize=60m -Xms256m -Xmx3072m -Xss5m 

Host: Intel(R) Core(TM) i5-8265U CPU @ 1.60GHz, 8 cores, 7G,  Windows 10 , 64 bit Build 22621 (10.0.22621.285)
Time: Sun Mar 19 12:07:22 2023 Eastern Daylight Time elapsed time: 64.205731 seconds (0d 0h 1m 4s)

---------------  T H R E A D  ---------------

Current thread (0x0000014495d92000):  JavaThread "NewProject Thread" [_thread_in_native, id=15180, stack(0x0000002e73b00000,0x0000002e74000000)]

Stack: [0x0000002e73b00000,0x0000002e74000000],  sp=0x0000002e73ffe4e0,  free space=5113k
Native frames: (J=compiled Java code, j=interpreted, Vv=VM code, C=native code)
C  [xerces-c_3_2.dll+0x7a1c]
C  [xerces-c_3_2.dll+0x49d5f]
C  [librdi_common.dll+0x88a606]
C  [librdi_common.dll+0x888f2d]
C  [librdi_board.dll+0x47bb0]
C  [librdi_board.dll+0x3fbd4]
C  [librdi_board.dll+0x46355]
C  [librdi_boarddep.dll+0x5667]
C  [librdi_project.dll+0x3959ff]
C  0x000001449f66f377

Java frames: (J=compiled Java code, j=interpreted, Vv=VM code)
j  ui.project.projecti.ProjUtils_createBoardPartIter(J)J+0
j  ui.data.a.R(Lui/project/m;)Ljava/util/List;+22
j  ui.views.c.t.g.DO()V+20
j  ui.views.i.aQy()Ljava/lang/Object;+4
j  ui.frmwork.y.run()V+23
j  java.lang.Thread.run()V+11 java.base@11.0.11
v  ~StubRoutines::call_stub

siginfo: EXCEPTION_ACCESS_VIOLATION (0xc0000005), reading address 0x0000000000000000


Register to memory mapping:

RIP=0x00007fff20fd7a1c xerces-c_3_2.dll
RAX=0x0000002e73ffe588 is pointing into the stack for thread: 0x0000014495d92000
RBX=0x0000002e73ffe598 is pointing into the stack for thread: 0x0000014495d92000
RCX=0x0000002e73ffe598 is pointing into the stack for thread: 0x0000014495d92000
RDX=0x0 is NULL
RSP=0x0000002e73ffe4e0 is pointing into the stack for thread: 0x0000014495d92000
RBP=0x0000002e73ffed00 is pointing into the stack for thread: 0x0000014495d92000
RSI=0x0000002e73ffee10 is pointing into the stack for thread: 0x0000014495d92000
RDI=0x0 is NULL
R8 =0x0 is NULL
R9 =0x0 is NULL
R10=0x0000000000000003 is an unknown value
R11=0x0000002e73ffe3f0 is pointing into the stack for thread: 0x0000014495d92000
R12=0x000000000000000f is an unknown value
R13=0x7fffffffffffffff is an unknown value
R14=0xffffffffffffffff is an unknown value
R15=0x0000000000000043 is an unknown value


Registers:
RAX=0x0000002e73ffe588, RBX=0x0000002e73ffe598, RCX=0x0000002e73ffe598, RDX=0x0000000000000000
RSP=0x0000002e73ffe4e0, RBP=0x0000002e73ffed00, RSI=0x0000002e73ffee10, RDI=0x0000000000000000
R8 =0x0000000000000000, R9 =0x0000000000000000, R10=0x0000000000000003, R11=0x0000002e73ffe3f0
R12=0x000000000000000f, R13=0x7fffffffffffffff, R14=0xffffffffffffffff, R15=0x0000000000000043
RIP=0x00007fff20fd7a1c, EFLAGS=0x0000000000010202

Top of Stack: (sp=0x0000002e73ffe4e0)
0x0000002e73ffe4e0:   0000000000000000 0000000000000000
0x0000002e73ffe4f0:   00000144bd9552d0 0000000000000044
0x0000002e73ffe500:   0000000000000000 00007fff21019d5f
0x0000002e73ffe510:   0000002e73ffee10 00007fff21b636a4
0x0000002e73ffe520:   00000000ffffffff 0000014487d10000
0x0000002e73ffe530:   0000000000000000 0000000000000000
0x0000002e73ffe540:   fffffffffffffffe 0000000000000001
0x0000002e73ffe550:   00000bf700000002 0000000064164fef
0x0000002e73ffe560:   fffffffffffffffe 00000000640e19ff
0x0000002e73ffe570:   0000daa061f64cc3 0000002e73ffee10
0x0000002e73ffe580:   0000000000000000 00007fff21cea606
0x0000002e73ffe590:   0000000000000000 0000000000000000
0x0000002e73ffe5a0:   0000000000000000 0000002e73ffee10
0x0000002e73ffe5b0:   0000000000800001 0000014487cb0000
0x0000002e73ffe5c0:   0000000000000800 00000144bd0e4200
0x0000002e73ffe5d0:   0000002e73ffee10 0000014487cb0100 

Instructions: (pc=0x00007fff20fd7a1c)
0x00007fff20fd791c:   18 48 8b 4b 18 4c 8d 04 7d 02 00 00 00 48 8b d6
0x00007fff20fd792c:   48 8b 5c 24 30 48 8b 74 24 38 48 83 c4 20 5f e9
0x00007fff20fd793c:   12 71 12 00 48 85 d2 75 08 45 33 c0 e9 23 00 00
0x00007fff20fd794c:   00 4c 8b c2 41 0f b7 00 49 83 c0 02 66 85 c0 75
0x00007fff20fd795c:   f3 4c 2b c2 49 d1 f8 49 ff c8 e9 05 00 00 00 cc
0x00007fff20fd796c:   cc cc cc cc 48 89 5c 24 08 48 89 74 24 10 57 48
0x00007fff20fd797c:   83 ec 20 49 8b f8 48 8b f2 48 8b d9 4c 3b 41 10
0x00007fff20fd798c:   72 2f 48 8b 49 28 48 8b 53 20 48 8b 01 ff 50 18
0x00007fff20fd799c:   48 8b 4b 28 48 8d 57 01 48 89 53 10 48 03 d2 48
0x00007fff20fd79ac:   c7 43 20 00 00 00 00 48 8b 01 ff 50 10 48 89 43
0x00007fff20fd79bc:   20 48 8b 4b 20 4c 8d 04 7d 02 00 00 00 48 8b d6
0x00007fff20fd79cc:   48 8b 5c 24 30 48 8b 74 24 38 48 83 c4 20 5f e9
0x00007fff20fd79dc:   72 70 12 00 40 53 48 83 ec 20 48 8b d9 48 c7 01
0x00007fff20fd79ec:   00 00 00 00 48 89 51 08 48 8b ca e8 64 13 00 00
0x00007fff20fd79fc:   48 89 03 48 8b c3 48 83 c4 20 5b c3 cc cc cc cc
0x00007fff20fd7a0c:   cc cc cc cc 40 53 48 83 ec 20 48 8b d9 48 89 11
0x00007fff20fd7a1c:   48 8b 0a e8 ac 12 00 00 48 8b c3 48 83 c4 20 5b
0x00007fff20fd7a2c:   c3 cc cc cc 40 53 48 83 ec 30 48 c7 44 24 20 fe
0x00007fff20fd7a3c:   ff ff ff 48 8b d9 48 8b 09 48 85 c9 74 11 48 8b
0x00007fff20fd7a4c:   53 08 e8 7d 0d 00 00 90 48 c7 03 00 00 00 00 48
0x00007fff20fd7a5c:   83 c4 30 5b c3 cc cc cc cc cc cc cc cc cc cc cc
0x00007fff20fd7a6c:   cc cc cc cc 48 83 ec 38 48 c7 44 24 20 fe ff ff
0x00007fff20fd7a7c:   ff 48 8b 09 48 8b 09 e8 48 1b 00 00 90 48 83 c4
0x00007fff20fd7a8c:   38 c3 cc cc 40 53 48 83 ec 20 48 8b d9 48 8b 0d
0x00007fff20fd7a9c:   c0 22 2a 00 48 c7 03 00 00 00 00 48 89 4b 08 e8
0x00007fff20fd7aac:   b0 12 00 00 48 89 03 48 83 c4 20 5b c3 cc cc cc
0x00007fff20fd7abc:   cc cc cc cc 48 8b 09 e9 08 12 00 00 cc cc cc cc
0x00007fff20fd7acc:   cc cc cc cc 48 8b 09 e9 f8 1a 00 00 cc cc cc cc
0x00007fff20fd7adc:   cc cc cc cc 83 f9 08 77 56 48 63 c1 48 8d 15 11
0x00007fff20fd7aec:   85 ff ff 8b 8c 82 44 7b 00 00 48 03 ca ff e1 48
0x00007fff20fd7afc:   8d 05 46 6d 14 00 c3 48 8d 05 66 6d 14 00 c3 48
0x00007fff20fd7b0c:   8d 05 8e 6d 14 00 c3 48 8d 05 a6 6d 14 00 c3 48 


Stack slot to memory mapping:
stack at sp + 0 slots: 0x0 is NULL
stack at sp + 1 slots: 0x0 is NULL
stack at sp + 2 slots: 0x00000144bd9552d0 points into unknown readable memory: 0x00007fff22163d10 | 10 3d 16 22 ff 7f 00 00
stack at sp + 3 slots: 0x0000000000000044 is an unknown value
stack at sp + 4 slots: 0x0 is NULL
stack at sp + 5 slots: 0x00007fff21019d5f xerces-c_3_2.dll
stack at sp + 6 slots: 0x0000002e73ffee10 is pointing into the stack for thread: 0x0000014495d92000
stack at sp + 7 slots: 0x00007fff21b636a4 librdi_common.dll


---------------  P R O C E S S  ---------------

Threads class SMR info:
_java_thread_list=0x00000144bd09f270, length=25, elements={
0x000001448f374000, 0x000001448fb94800, 0x000001448fb9c800, 0x000001448fbab000,
0x000001448fbac000, 0x000001448fbad800, 0x000001448fbb0000, 0x000001448fbb4000,
0x000001448fbb7800, 0x00000144947df000, 0x0000014494c39000, 0x0000014495182000,
0x000001448fca9000, 0x000001448fcec800, 0x0000014496859000, 0x0000014495de7800,
0x0000014496880800, 0x0000014495d8f800, 0x0000014495d8e800, 0x0000014495d92000,
0x0000014495d90800, 0x0000014495d91000, 0x0000014495d95000, 0x0000014495d93800,
0x0000014495d94800
}

Java Threads: ( => current thread )
  0x000001448f374000 JavaThread "main" [_thread_blocked, id=17868, stack(0x0000002e6de00000,0x0000002e6df00000)]
  0x000001448fb94800 JavaThread "Reference Handler" daemon [_thread_blocked, id=13812, stack(0x0000002e6e500000,0x0000002e6ea00000)]
  0x000001448fb9c800 JavaThread "Finalizer" daemon [_thread_blocked, id=3996, stack(0x0000002e6ea00000,0x0000002e6ef00000)]
  0x000001448fbab000 JavaThread "Signal Dispatcher" daemon [_thread_blocked, id=17732, stack(0x0000002e6ef00000,0x0000002e6f400000)]
  0x000001448fbac000 JavaThread "Attach Listener" daemon [_thread_blocked, id=13284, stack(0x0000002e6f400000,0x0000002e6f900000)]
  0x000001448fbad800 JavaThread "Service Thread" daemon [_thread_blocked, id=16452, stack(0x0000002e6f900000,0x0000002e6fe00000)]
  0x000001448fbb0000 JavaThread "C2 CompilerThread0" daemon [_thread_blocked, id=6912, stack(0x0000002e6fe00000,0x0000002e6ff00000)]
  0x000001448fbb4000 JavaThread "C1 CompilerThread0" daemon [_thread_blocked, id=11876, stack(0x0000002e6ff00000,0x0000002e70000000)]
  0x000001448fbb7800 JavaThread "Sweeper thread" daemon [_thread_blocked, id=12592, stack(0x0000002e70000000,0x0000002e70500000)]
  0x00000144947df000 JavaThread "Common-Cleaner" daemon [_thread_blocked, id=12552, stack(0x0000002e70500000,0x0000002e70a00000)]
  0x0000014494c39000 JavaThread "Java2D Disposer" daemon [_thread_blocked, id=3036, stack(0x0000002e70a00000,0x0000002e70f00000)]
  0x0000014495182000 JavaThread "AWT-Windows" daemon [_thread_in_native, id=19476, stack(0x0000002e71400000,0x0000002e71900000)]
  0x000001448fca9000 JavaThread "TimerQueue" daemon [_thread_blocked, id=14156, stack(0x0000002e71b00000,0x0000002e72000000)]
  0x000001448fcec800 JavaThread "AWT-EventQueue-0" [_thread_blocked, id=15092, stack(0x0000002e72a00000,0x0000002e72f00000)]
  0x0000014496859000 JavaThread "AWT-Shutdown" [_thread_blocked, id=15544, stack(0x0000002e72500000,0x0000002e72a00000)]
  0x0000014495de7800 JavaThread "Thread-1" [_thread_in_native, id=3280, stack(0x0000002e6c400000,0x0000002e6d800000)]
  0x0000014496880800 JavaThread "Process Messages Thread" [_thread_blocked, id=16732, stack(0x0000002e73600000,0x0000002e73b00000)]
  0x0000014495d8f800 JavaThread "Batik CleanerThread" daemon [_thread_blocked, id=18468, stack(0x0000002e72f00000,0x0000002e73400000)]
  0x0000014495d8e800 JavaThread "SyntheticaCleanerThread" daemon [_thread_blocked, id=15396, stack(0x0000002e74100000,0x0000002e74600000)]
=>0x0000014495d92000 JavaThread "NewProject Thread" [_thread_in_native, id=15180, stack(0x0000002e73b00000,0x0000002e74000000)]
  0x0000014495d90800 JavaThread "Monitor HEventQueue Thread" [_thread_blocked, id=12544, stack(0x0000002e74600000,0x0000002e74b00000)]
  0x0000014495d91000 JavaThread "SyntheticaAnimation 50" daemon [_thread_blocked, id=4500, stack(0x0000002e74b00000,0x0000002e75000000)]
  0x0000014495d95000 JavaThread "SyntheticaAnimation 25" daemon [_thread_blocked, id=6508, stack(0x0000002e75000000,0x0000002e75500000)]
  0x0000014495d93800 JavaThread "Open Project Thread" [_thread_in_native, id=13512, stack(0x0000002e75500000,0x0000002e75a00000)]
  0x0000014495d94800 JavaThread "SyntheticaAnimation 70" daemon [_thread_blocked, id=9952, stack(0x0000002e75a00000,0x0000002e75f00000)]

Other Threads:
  0x000001448fb4b800 VMThread "VM Thread" [stack: 0x0000002e6e400000,0x0000002e6e500000] [id=16416]
  0x00000144947e1800 WatcherThread [stack: 0x0000002e6dc00000,0x0000002e6dd00000] [id=7304]
  0x000001448f8d8800 GCTaskThread "GC Thread#0" [stack: 0x0000002e6df00000,0x0000002e6e000000] [id=20092]
  0x0000014496036000 GCTaskThread "GC Thread#1" [stack: 0x0000002e70f00000,0x0000002e71000000] [id=11380]
  0x0000014495b76800 GCTaskThread "GC Thread#2" [stack: 0x0000002e71000000,0x0000002e71100000] [id=20684]
  0x0000014495b77000 GCTaskThread "GC Thread#3" [stack: 0x0000002e71100000,0x0000002e71200000] [id=20108]
  0x0000014496007800 GCTaskThread "GC Thread#4" [stack: 0x0000002e71200000,0x0000002e71300000] [id=11488]
  0x0000014496166800 GCTaskThread "GC Thread#5" [stack: 0x0000002e71300000,0x0000002e71400000] [id=19108]
  0x0000014495c89000 GCTaskThread "GC Thread#6" [stack: 0x0000002e71900000,0x0000002e71a00000] [id=3424]
  0x00000144968ca800 GCTaskThread "GC Thread#7" [stack: 0x0000002e73400000,0x0000002e73500000] [id=496]
  0x000001448f94d000 ConcurrentGCThread "G1 Main Marker" [stack: 0x0000002e6e000000,0x0000002e6e100000] [id=17808]
  0x000001448f94e000 ConcurrentGCThread "G1 Conc#0" [stack: 0x0000002e6e100000,0x0000002e6e200000] [id=3608]
  0x00000144b6823800 ConcurrentGCThread "G1 Conc#1" [stack: 0x0000002e73500000,0x0000002e73600000] [id=20508]
  0x000001448fa1d800 ConcurrentGCThread "G1 Refine#0" [stack: 0x0000002e6e200000,0x0000002e6e300000] [id=12312]
  0x0000014495557000 ConcurrentGCThread "G1 Refine#1" [stack: 0x0000002e71a00000,0x0000002e71b00000] [id=12816]
  0x000001448fa20800 ConcurrentGCThread "G1 Young RemSet Sampling" [stack: 0x0000002e6e300000,0x0000002e6e400000] [id=11048]

Threads with active compile tasks:

VM state:not at safepoint (normal execution)

VM Mutex/Monitor currently owned by a thread: None

Heap address: 0x0000000740000000, size: 3072 MB, Compressed Oops mode: Zero based, Oop shift amount: 3
Narrow klass base: 0x0000000800000000, Narrow klass shift: 0
Compressed class space size: 1073741824 Address: 0x0000000800000000

Heap:
 garbage-first heap   total 262144K, used 59903K [0x0000000740000000, 0x0000000800000000)
  region size 1024K, 2 young (2048K), 0 survivors (0K)
 Metaspace       used 61131K, capacity 62502K, committed 62600K, reserved 1103872K
  class space    used 7617K, capacity 8226K, committed 8320K, reserved 1048576K
Heap Regions: E=young(eden), S=young(survivor), O=old, HS=humongous(starts), HC=humongous(continues), CS=collection set, F=free, A=archive, TAMS=top-at-mark-start (previous, next)
|   0|0x0000000740000000, 0x0000000740100000, 0x0000000740100000|100%|HS|  |TAMS 0x0000000740000000, 0x0000000740000000| Untracked 
|   1|0x0000000740100000, 0x0000000740200000, 0x0000000740200000|100%|HC|  |TAMS 0x0000000740100000, 0x0000000740100000| Untracked 
|   2|0x0000000740200000, 0x0000000740300000, 0x0000000740300000|100%|HS|  |TAMS 0x0000000740200000, 0x0000000740200000| Untracked 
|   3|0x0000000740300000, 0x0000000740400000, 0x0000000740400000|100%|HS|  |TAMS 0x0000000740300000, 0x0000000740300000| Untracked 
|   4|0x0000000740400000, 0x00000007404ffff8, 0x0000000740500000| 99%| O|  |TAMS 0x0000000740400000, 0x0000000740400000| Untracked 
|   5|0x0000000740500000, 0x00000007405ffff0, 0x0000000740600000| 99%| O|  |TAMS 0x0000000740500000, 0x0000000740500000| Untracked 
|   6|0x0000000740600000, 0x00000007406ffff8, 0x0000000740700000| 99%| O|  |TAMS 0x0000000740600000, 0x0000000740600000| Untracked 
|   7|0x0000000740700000, 0x00000007407ee0d0, 0x0000000740800000| 92%| O|  |TAMS 0x0000000740700000, 0x0000000740700000| Untracked 
|   8|0x0000000740800000, 0x00000007408fffb0, 0x0000000740900000| 99%| O|  |TAMS 0x0000000740800000, 0x0000000740800000| Untracked 
|   9|0x0000000740900000, 0x00000007409ffff8, 0x0000000740a00000| 99%| O|  |TAMS 0x0000000740900000, 0x0000000740900000| Untracked 
|  10|0x0000000740a00000, 0x0000000740affff0, 0x0000000740b00000| 99%| O|  |TAMS 0x0000000740a00000, 0x0000000740a00000| Untracked 
|  11|0x0000000740b00000, 0x0000000740bfffd8, 0x0000000740c00000| 99%| O|  |TAMS 0x0000000740b00000, 0x0000000740b00000| Untracked 
|  12|0x0000000740c00000, 0x0000000740cf05e0, 0x0000000740d00000| 93%| O|  |TAMS 0x0000000740c00000, 0x0000000740c00000| Untracked 
|  13|0x0000000740d00000, 0x0000000740df98c8, 0x0000000740e00000| 97%| O|  |TAMS 0x0000000740d00000, 0x0000000740d00000| Untracked 
|  14|0x0000000740e00000, 0x0000000740ef4d88, 0x0000000740f00000| 95%| O|  |TAMS 0x0000000740e00000, 0x0000000740e00000| Untracked 
|  15|0x0000000740f00000, 0x0000000741000000, 0x0000000741000000|100%| O|  |TAMS 0x0000000740f00000, 0x0000000740f00000| Untracked 
|  16|0x0000000741000000, 0x00000007410ffff8, 0x0000000741100000| 99%| O|  |TAMS 0x0000000741000000, 0x0000000741000000| Untracked 
|  17|0x0000000741100000, 0x0000000741200000, 0x0000000741200000|100%| O|  |TAMS 0x0000000741100000, 0x0000000741100000| Untracked 
|  18|0x0000000741200000, 0x00000007412f7470, 0x0000000741300000| 96%| O|  |TAMS 0x0000000741200000, 0x0000000741200000| Untracked 
|  19|0x0000000741300000, 0x00000007413ff9c8, 0x0000000741400000| 99%| O|  |TAMS 0x0000000741300000, 0x0000000741300000| Untracked 
|  20|0x0000000741400000, 0x00000007414ffff8, 0x0000000741500000| 99%| O|  |TAMS 0x0000000741400000, 0x0000000741400000| Untracked 
|  21|0x0000000741500000, 0x0000000741600000, 0x0000000741600000|100%| O|  |TAMS 0x0000000741500000, 0x0000000741500000| Untracked 
|  22|0x0000000741600000, 0x00000007416f8738, 0x0000000741700000| 97%| O|  |TAMS 0x0000000741600000, 0x0000000741600000| Untracked 
|  23|0x0000000741700000, 0x0000000741800000, 0x0000000741800000|100%| O|  |TAMS 0x0000000741700000, 0x0000000741700000| Untracked 
|  24|0x0000000741800000, 0x0000000741900000, 0x0000000741900000|100%| O|  |TAMS 0x0000000741800000, 0x0000000741800000| Untracked 
|  25|0x0000000741900000, 0x00000007419fffb8, 0x0000000741a00000| 99%| O|  |TAMS 0x0000000741900000, 0x0000000741900000| Untracked 
|  26|0x0000000741a00000, 0x0000000741afffe0, 0x0000000741b00000| 99%| O|  |TAMS 0x0000000741a00000, 0x0000000741a00000| Untracked 
|  27|0x0000000741b00000, 0x0000000741c00000, 0x0000000741c00000|100%| O|  |TAMS 0x0000000741b00000, 0x0000000741b00000| Untracked 
|  28|0x0000000741c00000, 0x0000000741cfffd8, 0x0000000741d00000| 99%| O|  |TAMS 0x0000000741c00000, 0x0000000741c00000| Untracked 
|  29|0x0000000741d00000, 0x0000000741dffeb8, 0x0000000741e00000| 99%| O|  |TAMS 0x0000000741d00000, 0x0000000741d00000| Untracked 
|  30|0x0000000741e00000, 0x0000000741effff8, 0x0000000741f00000| 99%| O|  |TAMS 0x0000000741e00000, 0x0000000741e00000| Untracked 
|  31|0x0000000741f00000, 0x0000000741fffeb8, 0x0000000742000000| 99%| O|  |TAMS 0x0000000741f00000, 0x0000000741f00000| Untracked 
|  32|0x0000000742000000, 0x00000007420fffd8, 0x0000000742100000| 99%| O|  |TAMS 0x0000000742000000, 0x0000000742000000| Untracked 
|  33|0x0000000742100000, 0x00000007421ffff0, 0x0000000742200000| 99%| O|  |TAMS 0x0000000742100000, 0x0000000742100000| Untracked 
|  34|0x0000000742200000, 0x00000007422fffe8, 0x0000000742300000| 99%| O|  |TAMS 0x0000000742200000, 0x0000000742200000| Untracked 
|  35|0x0000000742300000, 0x0000000742400000, 0x0000000742400000|100%| O|  |TAMS 0x0000000742300000, 0x0000000742300000| Untracked 
|  36|0x0000000742400000, 0x00000007424ff208, 0x0000000742500000| 99%| O|  |TAMS 0x0000000742400000, 0x0000000742400000| Untracked 
|  37|0x0000000742500000, 0x00000007425fa330, 0x0000000742600000| 97%| O|  |TAMS 0x0000000742500000, 0x0000000742500000| Untracked 
|  38|0x0000000742600000, 0x00000007426ffff8, 0x0000000742700000| 99%| O|  |TAMS 0x0000000742600000, 0x0000000742600000| Untracked 
|  39|0x0000000742700000, 0x00000007427fffe8, 0x0000000742800000| 99%| O|  |TAMS 0x0000000742700000, 0x0000000742700000| Untracked 
|  40|0x0000000742800000, 0x0000000742900000, 0x0000000742900000|100%|HS|  |TAMS 0x0000000742800000, 0x0000000742800000| Untracked 
|  41|0x0000000742900000, 0x0000000742a00000, 0x0000000742a00000|100%|HC|  |TAMS 0x0000000742900000, 0x0000000742900000| Untracked 
|  42|0x0000000742a00000, 0x0000000742b00000, 0x0000000742b00000|100%|HC|  |TAMS 0x0000000742a00000, 0x0000000742a00000| Untracked 
|  43|0x0000000742b00000, 0x0000000742c00000, 0x0000000742c00000|100%|HC|  |TAMS 0x0000000742b00000, 0x0000000742b00000| Untracked 
|  44|0x0000000742c00000, 0x0000000742d00000, 0x0000000742d00000|100%|HC|  |TAMS 0x0000000742c00000, 0x0000000742c00000| Untracked 
|  45|0x0000000742d00000, 0x0000000742e00000, 0x0000000742e00000|100%|HC|  |TAMS 0x0000000742d00000, 0x0000000742d00000| Untracked 
|  46|0x0000000742e00000, 0x0000000742f00000, 0x0000000742f00000|100%|HC|  |TAMS 0x0000000742e00000, 0x0000000742e00000| Untracked 
|  47|0x0000000742f00000, 0x0000000743000000, 0x0000000743000000|100%|HC|  |TAMS 0x0000000742f00000, 0x0000000742f00000| Untracked 
|  48|0x0000000743000000, 0x0000000743100000, 0x0000000743100000|100%| O|  |TAMS 0x0000000743000000, 0x0000000743000000| Untracked 
|  49|0x0000000743100000, 0x00000007431ffff0, 0x0000000743200000| 99%| O|  |TAMS 0x0000000743100000, 0x0000000743100000| Untracked 
|  50|0x0000000743200000, 0x0000000743210650, 0x0000000743300000|  6%| O|  |TAMS 0x0000000743200000, 0x0000000743200000| Untracked 
|  51|0x0000000743300000, 0x0000000743300000, 0x0000000743400000|  0%| F|  |TAMS 0x0000000743300000, 0x0000000743300000| Untracked 
|  52|0x0000000743400000, 0x00000007434fffb8, 0x0000000743500000| 99%| O|  |TAMS 0x0000000743400000, 0x0000000743400000| Untracked 
|  53|0x0000000743500000, 0x0000000743600000, 0x0000000743600000|100%| O|  |TAMS 0x0000000743500000, 0x0000000743500000| Untracked 
|  54|0x0000000743600000, 0x0000000743700000, 0x0000000743700000|100%| O|  |TAMS 0x0000000743600000, 0x0000000743600000| Untracked 
|  55|0x0000000743700000, 0x00000007437f3e80, 0x0000000743800000| 95%| O|  |TAMS 0x0000000743700000, 0x0000000743700000| Untracked 
|  56|0x0000000743800000, 0x0000000743883940, 0x0000000743900000| 51%| O|  |TAMS 0x0000000743800000, 0x0000000743800000| Untracked 
|  57|0x0000000743900000, 0x0000000743900000, 0x0000000743a00000|  0%| F|  |TAMS 0x0000000743900000, 0x0000000743900000| Untracked 
|  58|0x0000000743a00000, 0x0000000743a00000, 0x0000000743b00000|  0%| F|  |TAMS 0x0000000743a00000, 0x0000000743a00000| Untracked 
|  59|0x0000000743b00000, 0x0000000743b00000, 0x0000000743c00000|  0%| F|  |TAMS 0x0000000743b00000, 0x0000000743b00000| Untracked 
|  60|0x0000000743c00000, 0x0000000743c838d8, 0x0000000743d00000| 51%| O|  |TAMS 0x0000000743c00000, 0x0000000743c00000| Untracked 
|  61|0x0000000743d00000, 0x0000000743df3690, 0x0000000743e00000| 95%| O|  |TAMS 0x0000000743d00000, 0x0000000743d00000| Untracked 
|  62|0x0000000743e00000, 0x0000000743ea61c8, 0x0000000743f00000| 64%| O|  |TAMS 0x0000000743e00000, 0x0000000743e00000| Untracked 
|  63|0x0000000743f00000, 0x0000000743f00000, 0x0000000744000000|  0%| F|  |TAMS 0x0000000743f00000, 0x0000000743f00000| Untracked 
|  64|0x0000000744000000, 0x0000000744000000, 0x0000000744100000|  0%| F|  |TAMS 0x0000000744000000, 0x0000000744000000| Untracked 
|  65|0x0000000744100000, 0x00000007441f5160, 0x0000000744200000| 95%| O|  |TAMS 0x0000000744100000, 0x0000000744100000| Untracked 
|  66|0x0000000744200000, 0x0000000744200000, 0x0000000744300000|  0%| F|  |TAMS 0x0000000744200000, 0x0000000744200000| Untracked 
|  67|0x0000000744300000, 0x0000000744300000, 0x0000000744400000|  0%| F|  |TAMS 0x0000000744300000, 0x0000000744300000| Untracked 
|  68|0x0000000744400000, 0x0000000744400000, 0x0000000744500000|  0%| F|  |TAMS 0x0000000744400000, 0x0000000744400000| Untracked 
|  69|0x0000000744500000, 0x0000000744500000, 0x0000000744600000|  0%| F|  |TAMS 0x0000000744500000, 0x0000000744500000| Untracked 
|  70|0x0000000744600000, 0x0000000744600000, 0x0000000744700000|  0%| F|  |TAMS 0x0000000744600000, 0x0000000744600000| Untracked 
|  71|0x0000000744700000, 0x0000000744700000, 0x0000000744800000|  0%| F|  |TAMS 0x0000000744700000, 0x0000000744700000| Untracked 
|  72|0x0000000744800000, 0x0000000744800000, 0x0000000744900000|  0%| F|  |TAMS 0x0000000744800000, 0x0000000744800000| Untracked 
|  73|0x0000000744900000, 0x0000000744900000, 0x0000000744a00000|  0%| F|  |TAMS 0x0000000744900000, 0x0000000744900000| Untracked 
|  74|0x0000000744a00000, 0x0000000744a00000, 0x0000000744b00000|  0%| F|  |TAMS 0x0000000744a00000, 0x0000000744a00000| Untracked 
|  75|0x0000000744b00000, 0x0000000744b00000, 0x0000000744c00000|  0%| F|  |TAMS 0x0000000744b00000, 0x0000000744b00000| Untracked 
|  76|0x0000000744c00000, 0x0000000744c00000, 0x0000000744d00000|  0%| F|  |TAMS 0x0000000744c00000, 0x0000000744c00000| Untracked 
|  77|0x0000000744d00000, 0x0000000744d00000, 0x0000000744e00000|  0%| F|  |TAMS 0x0000000744d00000, 0x0000000744d00000| Untracked 
|  78|0x0000000744e00000, 0x0000000744e00000, 0x0000000744f00000|  0%| F|  |TAMS 0x0000000744e00000, 0x0000000744e00000| Untracked 
|  79|0x0000000744f00000, 0x0000000744f00000, 0x0000000745000000|  0%| F|  |TAMS 0x0000000744f00000, 0x0000000744f00000| Untracked 
|  80|0x0000000745000000, 0x0000000745000000, 0x0000000745100000|  0%| F|  |TAMS 0x0000000745000000, 0x0000000745000000| Untracked 
|  81|0x0000000745100000, 0x0000000745100000, 0x0000000745200000|  0%| F|  |TAMS 0x0000000745100000, 0x0000000745100000| Untracked 
|  82|0x0000000745200000, 0x0000000745200000, 0x0000000745300000|  0%| F|  |TAMS 0x0000000745200000, 0x0000000745200000| Untracked 
|  83|0x0000000745300000, 0x0000000745300000, 0x0000000745400000|  0%| F|  |TAMS 0x0000000745300000, 0x0000000745300000| Untracked 
|  84|0x0000000745400000, 0x0000000745400000, 0x0000000745500000|  0%| F|  |TAMS 0x0000000745400000, 0x0000000745400000| Untracked 
|  85|0x0000000745500000, 0x0000000745500000, 0x0000000745600000|  0%| F|  |TAMS 0x0000000745500000, 0x0000000745500000| Untracked 
|  86|0x0000000745600000, 0x0000000745600000, 0x0000000745700000|  0%| F|  |TAMS 0x0000000745600000, 0x0000000745600000| Untracked 
|  87|0x0000000745700000, 0x0000000745700000, 0x0000000745800000|  0%| F|  |TAMS 0x0000000745700000, 0x0000000745700000| Untracked 
|  88|0x0000000745800000, 0x0000000745800000, 0x0000000745900000|  0%| F|  |TAMS 0x0000000745800000, 0x0000000745800000| Untracked 
|  89|0x0000000745900000, 0x0000000745900000, 0x0000000745a00000|  0%| F|  |TAMS 0x0000000745900000, 0x0000000745900000| Untracked 
|  90|0x0000000745a00000, 0x0000000745a00000, 0x0000000745b00000|  0%| F|  |TAMS 0x0000000745a00000, 0x0000000745a00000| Untracked 
|  91|0x0000000745b00000, 0x0000000745b00000, 0x0000000745c00000|  0%| F|  |TAMS 0x0000000745b00000, 0x0000000745b00000| Untracked 
|  92|0x0000000745c00000, 0x0000000745c00000, 0x0000000745d00000|  0%| F|  |TAMS 0x0000000745c00000, 0x0000000745c00000| Untracked 
|  93|0x0000000745d00000, 0x0000000745d00000, 0x0000000745e00000|  0%| F|  |TAMS 0x0000000745d00000, 0x0000000745d00000| Untracked 
|  94|0x0000000745e00000, 0x0000000745e00000, 0x0000000745f00000|  0%| F|  |TAMS 0x0000000745e00000, 0x0000000745e00000| Untracked 
|  95|0x0000000745f00000, 0x0000000745f00000, 0x0000000746000000|  0%| F|  |TAMS 0x0000000745f00000, 0x0000000745f00000| Untracked 
|  96|0x0000000746000000, 0x0000000746000000, 0x0000000746100000|  0%| F|  |TAMS 0x0000000746000000, 0x0000000746000000| Untracked 
|  97|0x0000000746100000, 0x0000000746100000, 0x0000000746200000|  0%| F|  |TAMS 0x0000000746100000, 0x0000000746100000| Untracked 
|  98|0x0000000746200000, 0x0000000746200000, 0x0000000746300000|  0%| F|  |TAMS 0x0000000746200000, 0x0000000746200000| Untracked 
|  99|0x0000000746300000, 0x0000000746300000, 0x0000000746400000|  0%| F|  |TAMS 0x0000000746300000, 0x0000000746300000| Untracked 
| 100|0x0000000746400000, 0x0000000746400000, 0x0000000746500000|  0%| F|  |TAMS 0x0000000746400000, 0x0000000746400000| Untracked 
| 101|0x0000000746500000, 0x0000000746500000, 0x0000000746600000|  0%| F|  |TAMS 0x0000000746500000, 0x0000000746500000| Untracked 
| 102|0x0000000746600000, 0x0000000746600000, 0x0000000746700000|  0%| F|  |TAMS 0x0000000746600000, 0x0000000746600000| Untracked 
| 103|0x0000000746700000, 0x0000000746700000, 0x0000000746800000|  0%| F|  |TAMS 0x0000000746700000, 0x0000000746700000| Untracked 
| 104|0x0000000746800000, 0x0000000746800000, 0x0000000746900000|  0%| F|  |TAMS 0x0000000746800000, 0x0000000746800000| Untracked 
| 105|0x0000000746900000, 0x0000000746900000, 0x0000000746a00000|  0%| F|  |TAMS 0x0000000746900000, 0x0000000746900000| Untracked 
| 106|0x0000000746a00000, 0x0000000746a00000, 0x0000000746b00000|  0%| F|  |TAMS 0x0000000746a00000, 0x0000000746a00000| Untracked 
| 107|0x0000000746b00000, 0x0000000746b00000, 0x0000000746c00000|  0%| F|  |TAMS 0x0000000746b00000, 0x0000000746b00000| Untracked 
| 108|0x0000000746c00000, 0x0000000746c00000, 0x0000000746d00000|  0%| F|  |TAMS 0x0000000746c00000, 0x0000000746c00000| Untracked 
| 109|0x0000000746d00000, 0x0000000746d00000, 0x0000000746e00000|  0%| F|  |TAMS 0x0000000746d00000, 0x0000000746d00000| Untracked 
| 110|0x0000000746e00000, 0x0000000746e00000, 0x0000000746f00000|  0%| F|  |TAMS 0x0000000746e00000, 0x0000000746e00000| Untracked 
| 111|0x0000000746f00000, 0x0000000746f00000, 0x0000000747000000|  0%| F|  |TAMS 0x0000000746f00000, 0x0000000746f00000| Untracked 
| 112|0x0000000747000000, 0x0000000747000000, 0x0000000747100000|  0%| F|  |TAMS 0x0000000747000000, 0x0000000747000000| Untracked 
| 113|0x0000000747100000, 0x0000000747100000, 0x0000000747200000|  0%| F|  |TAMS 0x0000000747100000, 0x0000000747100000| Untracked 
| 114|0x0000000747200000, 0x0000000747200000, 0x0000000747300000|  0%| F|  |TAMS 0x0000000747200000, 0x0000000747200000| Untracked 
| 115|0x0000000747300000, 0x0000000747300000, 0x0000000747400000|  0%| F|  |TAMS 0x0000000747300000, 0x0000000747300000| Untracked 
| 116|0x0000000747400000, 0x0000000747400000, 0x0000000747500000|  0%| F|  |TAMS 0x0000000747400000, 0x0000000747400000| Untracked 
| 117|0x0000000747500000, 0x0000000747500000, 0x0000000747600000|  0%| F|  |TAMS 0x0000000747500000, 0x0000000747500000| Untracked 
| 118|0x0000000747600000, 0x0000000747600000, 0x0000000747700000|  0%| F|  |TAMS 0x0000000747600000, 0x0000000747600000| Untracked 
| 119|0x0000000747700000, 0x0000000747700000, 0x0000000747800000|  0%| F|  |TAMS 0x0000000747700000, 0x0000000747700000| Untracked 
| 120|0x0000000747800000, 0x0000000747800000, 0x0000000747900000|  0%| F|  |TAMS 0x0000000747800000, 0x0000000747800000| Untracked 
| 121|0x0000000747900000, 0x0000000747900000, 0x0000000747a00000|  0%| F|  |TAMS 0x0000000747900000, 0x0000000747900000| Untracked 
| 122|0x0000000747a00000, 0x0000000747a00000, 0x0000000747b00000|  0%| F|  |TAMS 0x0000000747a00000, 0x0000000747a00000| Untracked 
| 123|0x0000000747b00000, 0x0000000747b00000, 0x0000000747c00000|  0%| F|  |TAMS 0x0000000747b00000, 0x0000000747b00000| Untracked 
| 124|0x0000000747c00000, 0x0000000747c00000, 0x0000000747d00000|  0%| F|  |TAMS 0x0000000747c00000, 0x0000000747c00000| Untracked 
| 125|0x0000000747d00000, 0x0000000747d00000, 0x0000000747e00000|  0%| F|  |TAMS 0x0000000747d00000, 0x0000000747d00000| Untracked 
| 126|0x0000000747e00000, 0x0000000747e00000, 0x0000000747f00000|  0%| F|  |TAMS 0x0000000747e00000, 0x0000000747e00000| Untracked 
| 127|0x0000000747f00000, 0x0000000747f00000, 0x0000000748000000|  0%| F|  |TAMS 0x0000000747f00000, 0x0000000747f00000| Untracked 
| 128|0x0000000748000000, 0x0000000748000000, 0x0000000748100000|  0%| F|  |TAMS 0x0000000748000000, 0x0000000748000000| Untracked 
| 129|0x0000000748100000, 0x0000000748100000, 0x0000000748200000|  0%| F|  |TAMS 0x0000000748100000, 0x0000000748100000| Untracked 
| 130|0x0000000748200000, 0x0000000748200000, 0x0000000748300000|  0%| F|  |TAMS 0x0000000748200000, 0x0000000748200000| Untracked 
| 131|0x0000000748300000, 0x0000000748300000, 0x0000000748400000|  0%| F|  |TAMS 0x0000000748300000, 0x0000000748300000| Untracked 
| 132|0x0000000748400000, 0x0000000748400000, 0x0000000748500000|  0%| F|  |TAMS 0x0000000748400000, 0x0000000748400000| Untracked 
| 133|0x0000000748500000, 0x0000000748500000, 0x0000000748600000|  0%| F|  |TAMS 0x0000000748500000, 0x0000000748500000| Untracked 
| 134|0x0000000748600000, 0x0000000748600000, 0x0000000748700000|  0%| F|  |TAMS 0x0000000748600000, 0x0000000748600000| Untracked 
| 135|0x0000000748700000, 0x0000000748700000, 0x0000000748800000|  0%| F|  |TAMS 0x0000000748700000, 0x0000000748700000| Untracked 
| 136|0x0000000748800000, 0x0000000748800000, 0x0000000748900000|  0%| F|  |TAMS 0x0000000748800000, 0x0000000748800000| Untracked 
| 137|0x0000000748900000, 0x0000000748900000, 0x0000000748a00000|  0%| F|  |TAMS 0x0000000748900000, 0x0000000748900000| Untracked 
| 138|0x0000000748a00000, 0x0000000748a00000, 0x0000000748b00000|  0%| F|  |TAMS 0x0000000748a00000, 0x0000000748a00000| Untracked 
| 139|0x0000000748b00000, 0x0000000748b00000, 0x0000000748c00000|  0%| F|  |TAMS 0x0000000748b00000, 0x0000000748b00000| Untracked 
| 140|0x0000000748c00000, 0x0000000748c00000, 0x0000000748d00000|  0%| F|  |TAMS 0x0000000748c00000, 0x0000000748c00000| Untracked 
| 141|0x0000000748d00000, 0x0000000748d00000, 0x0000000748e00000|  0%| F|  |TAMS 0x0000000748d00000, 0x0000000748d00000| Untracked 
| 142|0x0000000748e00000, 0x0000000748e00000, 0x0000000748f00000|  0%| F|  |TAMS 0x0000000748e00000, 0x0000000748e00000| Untracked 
| 143|0x0000000748f00000, 0x0000000748f00000, 0x0000000749000000|  0%| F|  |TAMS 0x0000000748f00000, 0x0000000748f00000| Untracked 
| 144|0x0000000749000000, 0x0000000749000000, 0x0000000749100000|  0%| F|  |TAMS 0x0000000749000000, 0x0000000749000000| Untracked 
| 145|0x0000000749100000, 0x0000000749100000, 0x0000000749200000|  0%| F|  |TAMS 0x0000000749100000, 0x0000000749100000| Untracked 
| 146|0x0000000749200000, 0x0000000749200000, 0x0000000749300000|  0%| F|  |TAMS 0x0000000749200000, 0x0000000749200000| Untracked 
| 147|0x0000000749300000, 0x0000000749300000, 0x0000000749400000|  0%| F|  |TAMS 0x0000000749300000, 0x0000000749300000| Untracked 
| 148|0x0000000749400000, 0x0000000749400000, 0x0000000749500000|  0%| F|  |TAMS 0x0000000749400000, 0x0000000749400000| Untracked 
| 149|0x0000000749500000, 0x0000000749500000, 0x0000000749600000|  0%| F|  |TAMS 0x0000000749500000, 0x0000000749500000| Untracked 
| 150|0x0000000749600000, 0x0000000749600000, 0x0000000749700000|  0%| F|  |TAMS 0x0000000749600000, 0x0000000749600000| Untracked 
| 151|0x0000000749700000, 0x0000000749700000, 0x0000000749800000|  0%| F|  |TAMS 0x0000000749700000, 0x0000000749700000| Untracked 
| 152|0x0000000749800000, 0x0000000749800000, 0x0000000749900000|  0%| F|  |TAMS 0x0000000749800000, 0x0000000749800000| Untracked 
| 153|0x0000000749900000, 0x0000000749900000, 0x0000000749a00000|  0%| F|  |TAMS 0x0000000749900000, 0x0000000749900000| Untracked 
| 154|0x0000000749a00000, 0x0000000749a00000, 0x0000000749b00000|  0%| F|  |TAMS 0x0000000749a00000, 0x0000000749a00000| Untracked 
| 155|0x0000000749b00000, 0x0000000749b00000, 0x0000000749c00000|  0%| F|  |TAMS 0x0000000749b00000, 0x0000000749b00000| Untracked 
| 156|0x0000000749c00000, 0x0000000749c00000, 0x0000000749d00000|  0%| F|  |TAMS 0x0000000749c00000, 0x0000000749c00000| Untracked 
| 157|0x0000000749d00000, 0x0000000749d00000, 0x0000000749e00000|  0%| F|  |TAMS 0x0000000749d00000, 0x0000000749d00000| Untracked 
| 158|0x0000000749e00000, 0x0000000749e00000, 0x0000000749f00000|  0%| F|  |TAMS 0x0000000749e00000, 0x0000000749e00000| Untracked 
| 159|0x0000000749f00000, 0x0000000749f00000, 0x000000074a000000|  0%| F|  |TAMS 0x0000000749f00000, 0x0000000749f00000| Untracked 
| 160|0x000000074a000000, 0x000000074a000000, 0x000000074a100000|  0%| F|  |TAMS 0x000000074a000000, 0x000000074a000000| Untracked 
| 161|0x000000074a100000, 0x000000074a100000, 0x000000074a200000|  0%| F|  |TAMS 0x000000074a100000, 0x000000074a100000| Untracked 
| 162|0x000000074a200000, 0x000000074a200000, 0x000000074a300000|  0%| F|  |TAMS 0x000000074a200000, 0x000000074a200000| Untracked 
| 163|0x000000074a300000, 0x000000074a300000, 0x000000074a400000|  0%| F|  |TAMS 0x000000074a300000, 0x000000074a300000| Untracked 
| 164|0x000000074a400000, 0x000000074a400000, 0x000000074a500000|  0%| F|  |TAMS 0x000000074a400000, 0x000000074a400000| Untracked 
| 165|0x000000074a500000, 0x000000074a500000, 0x000000074a600000|  0%| F|  |TAMS 0x000000074a500000, 0x000000074a500000| Untracked 
| 166|0x000000074a600000, 0x000000074a600000, 0x000000074a700000|  0%| F|  |TAMS 0x000000074a600000, 0x000000074a600000| Untracked 
| 167|0x000000074a700000, 0x000000074a700000, 0x000000074a800000|  0%| F|  |TAMS 0x000000074a700000, 0x000000074a700000| Untracked 
| 168|0x000000074a800000, 0x000000074a800000, 0x000000074a900000|  0%| F|  |TAMS 0x000000074a800000, 0x000000074a800000| Untracked 
| 169|0x000000074a900000, 0x000000074a900000, 0x000000074aa00000|  0%| F|  |TAMS 0x000000074a900000, 0x000000074a900000| Untracked 
| 170|0x000000074aa00000, 0x000000074aa00000, 0x000000074ab00000|  0%| F|  |TAMS 0x000000074aa00000, 0x000000074aa00000| Untracked 
| 171|0x000000074ab00000, 0x000000074ab00000, 0x000000074ac00000|  0%| F|  |TAMS 0x000000074ab00000, 0x000000074ab00000| Untracked 
| 172|0x000000074ac00000, 0x000000074ac00000, 0x000000074ad00000|  0%| F|  |TAMS 0x000000074ac00000, 0x000000074ac00000| Untracked 
| 173|0x000000074ad00000, 0x000000074ad00000, 0x000000074ae00000|  0%| F|  |TAMS 0x000000074ad00000, 0x000000074ad00000| Untracked 
| 174|0x000000074ae00000, 0x000000074ae00000, 0x000000074af00000|  0%| F|  |TAMS 0x000000074ae00000, 0x000000074ae00000| Untracked 
| 175|0x000000074af00000, 0x000000074af00000, 0x000000074b000000|  0%| F|  |TAMS 0x000000074af00000, 0x000000074af00000| Untracked 
| 176|0x000000074b000000, 0x000000074b000000, 0x000000074b100000|  0%| F|  |TAMS 0x000000074b000000, 0x000000074b000000| Untracked 
| 177|0x000000074b100000, 0x000000074b100000, 0x000000074b200000|  0%| F|  |TAMS 0x000000074b100000, 0x000000074b100000| Untracked 
| 178|0x000000074b200000, 0x000000074b200000, 0x000000074b300000|  0%| F|  |TAMS 0x000000074b200000, 0x000000074b200000| Untracked 
| 179|0x000000074b300000, 0x000000074b300000, 0x000000074b400000|  0%| F|  |TAMS 0x000000074b300000, 0x000000074b300000| Untracked 
| 180|0x000000074b400000, 0x000000074b400000, 0x000000074b500000|  0%| F|  |TAMS 0x000000074b400000, 0x000000074b400000| Untracked 
| 181|0x000000074b500000, 0x000000074b500000, 0x000000074b600000|  0%| F|  |TAMS 0x000000074b500000, 0x000000074b500000| Untracked 
| 182|0x000000074b600000, 0x000000074b600000, 0x000000074b700000|  0%| F|  |TAMS 0x000000074b600000, 0x000000074b600000| Untracked 
| 183|0x000000074b700000, 0x000000074b700000, 0x000000074b800000|  0%| F|  |TAMS 0x000000074b700000, 0x000000074b700000| Untracked 
| 184|0x000000074b800000, 0x000000074b800000, 0x000000074b900000|  0%| F|  |TAMS 0x000000074b800000, 0x000000074b800000| Untracked 
| 185|0x000000074b900000, 0x000000074b900000, 0x000000074ba00000|  0%| F|  |TAMS 0x000000074b900000, 0x000000074b900000| Untracked 
| 186|0x000000074ba00000, 0x000000074ba00000, 0x000000074bb00000|  0%| F|  |TAMS 0x000000074ba00000, 0x000000074ba00000| Untracked 
| 187|0x000000074bb00000, 0x000000074bb00000, 0x000000074bc00000|  0%| F|  |TAMS 0x000000074bb00000, 0x000000074bb00000| Untracked 
| 188|0x000000074bc00000, 0x000000074bc00000, 0x000000074bd00000|  0%| F|  |TAMS 0x000000074bc00000, 0x000000074bc00000| Untracked 
| 189|0x000000074bd00000, 0x000000074bd00000, 0x000000074be00000|  0%| F|  |TAMS 0x000000074bd00000, 0x000000074bd00000| Untracked 
| 190|0x000000074be00000, 0x000000074be00000, 0x000000074bf00000|  0%| F|  |TAMS 0x000000074be00000, 0x000000074be00000| Untracked 
| 191|0x000000074bf00000, 0x000000074bf00000, 0x000000074c000000|  0%| F|  |TAMS 0x000000074bf00000, 0x000000074bf00000| Untracked 
| 192|0x000000074c000000, 0x000000074c000000, 0x000000074c100000|  0%| F|  |TAMS 0x000000074c000000, 0x000000074c000000| Untracked 
| 193|0x000000074c100000, 0x000000074c100000, 0x000000074c200000|  0%| F|  |TAMS 0x000000074c100000, 0x000000074c100000| Untracked 
| 194|0x000000074c200000, 0x000000074c200000, 0x000000074c300000|  0%| F|  |TAMS 0x000000074c200000, 0x000000074c200000| Untracked 
| 195|0x000000074c300000, 0x000000074c300000, 0x000000074c400000|  0%| F|  |TAMS 0x000000074c300000, 0x000000074c300000| Untracked 
| 196|0x000000074c400000, 0x000000074c400000, 0x000000074c500000|  0%| F|  |TAMS 0x000000074c400000, 0x000000074c400000| Untracked 
| 197|0x000000074c500000, 0x000000074c500000, 0x000000074c600000|  0%| F|  |TAMS 0x000000074c500000, 0x000000074c500000| Untracked 
| 198|0x000000074c600000, 0x000000074c600000, 0x000000074c700000|  0%| F|  |TAMS 0x000000074c600000, 0x000000074c600000| Untracked 
| 199|0x000000074c700000, 0x000000074c700000, 0x000000074c800000|  0%| F|  |TAMS 0x000000074c700000, 0x000000074c700000| Untracked 
| 200|0x000000074c800000, 0x000000074c800000, 0x000000074c900000|  0%| F|  |TAMS 0x000000074c800000, 0x000000074c800000| Untracked 
| 201|0x000000074c900000, 0x000000074c900000, 0x000000074ca00000|  0%| F|  |TAMS 0x000000074c900000, 0x000000074c900000| Untracked 
| 202|0x000000074ca00000, 0x000000074ca00000, 0x000000074cb00000|  0%| F|  |TAMS 0x000000074ca00000, 0x000000074ca00000| Untracked 
| 203|0x000000074cb00000, 0x000000074cb00000, 0x000000074cc00000|  0%| F|  |TAMS 0x000000074cb00000, 0x000000074cb00000| Untracked 
| 204|0x000000074cc00000, 0x000000074cc00000, 0x000000074cd00000|  0%| F|  |TAMS 0x000000074cc00000, 0x000000074cc00000| Untracked 
| 205|0x000000074cd00000, 0x000000074cd00000, 0x000000074ce00000|  0%| F|  |TAMS 0x000000074cd00000, 0x000000074cd00000| Untracked 
| 206|0x000000074ce00000, 0x000000074ce00000, 0x000000074cf00000|  0%| F|  |TAMS 0x000000074ce00000, 0x000000074ce00000| Untracked 
| 207|0x000000074cf00000, 0x000000074cf00000, 0x000000074d000000|  0%| F|  |TAMS 0x000000074cf00000, 0x000000074cf00000| Untracked 
| 208|0x000000074d000000, 0x000000074d000000, 0x000000074d100000|  0%| F|  |TAMS 0x000000074d000000, 0x000000074d000000| Untracked 
| 209|0x000000074d100000, 0x000000074d100000, 0x000000074d200000|  0%| F|  |TAMS 0x000000074d100000, 0x000000074d100000| Untracked 
| 210|0x000000074d200000, 0x000000074d200000, 0x000000074d300000|  0%| F|  |TAMS 0x000000074d200000, 0x000000074d200000| Untracked 
| 211|0x000000074d300000, 0x000000074d300000, 0x000000074d400000|  0%| F|  |TAMS 0x000000074d300000, 0x000000074d300000| Untracked 
| 212|0x000000074d400000, 0x000000074d400000, 0x000000074d500000|  0%| F|  |TAMS 0x000000074d400000, 0x000000074d400000| Untracked 
| 213|0x000000074d500000, 0x000000074d500000, 0x000000074d600000|  0%| F|  |TAMS 0x000000074d500000, 0x000000074d500000| Untracked 
| 214|0x000000074d600000, 0x000000074d600000, 0x000000074d700000|  0%| F|  |TAMS 0x000000074d600000, 0x000000074d600000| Untracked 
| 215|0x000000074d700000, 0x000000074d700000, 0x000000074d800000|  0%| F|  |TAMS 0x000000074d700000, 0x000000074d700000| Untracked 
| 216|0x000000074d800000, 0x000000074d800000, 0x000000074d900000|  0%| F|  |TAMS 0x000000074d800000, 0x000000074d800000| Untracked 
| 217|0x000000074d900000, 0x000000074d900000, 0x000000074da00000|  0%| F|  |TAMS 0x000000074d900000, 0x000000074d900000| Untracked 
| 218|0x000000074da00000, 0x000000074da00000, 0x000000074db00000|  0%| F|  |TAMS 0x000000074da00000, 0x000000074da00000| Untracked 
| 219|0x000000074db00000, 0x000000074db00000, 0x000000074dc00000|  0%| F|  |TAMS 0x000000074db00000, 0x000000074db00000| Untracked 
| 220|0x000000074dc00000, 0x000000074dc00000, 0x000000074dd00000|  0%| F|  |TAMS 0x000000074dc00000, 0x000000074dc00000| Untracked 
| 221|0x000000074dd00000, 0x000000074dd00000, 0x000000074de00000|  0%| F|  |TAMS 0x000000074dd00000, 0x000000074dd00000| Untracked 
| 222|0x000000074de00000, 0x000000074de00000, 0x000000074df00000|  0%| F|  |TAMS 0x000000074de00000, 0x000000074de00000| Untracked 
| 223|0x000000074df00000, 0x000000074df00000, 0x000000074e000000|  0%| F|  |TAMS 0x000000074df00000, 0x000000074df00000| Untracked 
| 224|0x000000074e000000, 0x000000074e000000, 0x000000074e100000|  0%| F|  |TAMS 0x000000074e000000, 0x000000074e000000| Untracked 
| 225|0x000000074e100000, 0x000000074e100000, 0x000000074e200000|  0%| F|  |TAMS 0x000000074e100000, 0x000000074e100000| Untracked 
| 226|0x000000074e200000, 0x000000074e200000, 0x000000074e300000|  0%| F|  |TAMS 0x000000074e200000, 0x000000074e200000| Untracked 
| 227|0x000000074e300000, 0x000000074e300000, 0x000000074e400000|  0%| F|  |TAMS 0x000000074e300000, 0x000000074e300000| Untracked 
| 228|0x000000074e400000, 0x000000074e400000, 0x000000074e500000|  0%| F|  |TAMS 0x000000074e400000, 0x000000074e400000| Untracked 
| 229|0x000000074e500000, 0x000000074e500000, 0x000000074e600000|  0%| F|  |TAMS 0x000000074e500000, 0x000000074e500000| Untracked 
| 230|0x000000074e600000, 0x000000074e600000, 0x000000074e700000|  0%| F|  |TAMS 0x000000074e600000, 0x000000074e600000| Untracked 
| 231|0x000000074e700000, 0x000000074e700000, 0x000000074e800000|  0%| F|  |TAMS 0x000000074e700000, 0x000000074e700000| Untracked 
| 232|0x000000074e800000, 0x000000074e800000, 0x000000074e900000|  0%| F|  |TAMS 0x000000074e800000, 0x000000074e800000| Untracked 
| 233|0x000000074e900000, 0x000000074e900000, 0x000000074ea00000|  0%| F|  |TAMS 0x000000074e900000, 0x000000074e900000| Untracked 
| 234|0x000000074ea00000, 0x000000074ea00000, 0x000000074eb00000|  0%| F|  |TAMS 0x000000074ea00000, 0x000000074ea00000| Untracked 
| 235|0x000000074eb00000, 0x000000074eb00000, 0x000000074ec00000|  0%| F|  |TAMS 0x000000074eb00000, 0x000000074eb00000| Untracked 
| 236|0x000000074ec00000, 0x000000074ec00000, 0x000000074ed00000|  0%| F|  |TAMS 0x000000074ec00000, 0x000000074ec00000| Untracked 
| 237|0x000000074ed00000, 0x000000074ed00000, 0x000000074ee00000|  0%| F|  |TAMS 0x000000074ed00000, 0x000000074ed00000| Untracked 
| 238|0x000000074ee00000, 0x000000074ee00000, 0x000000074ef00000|  0%| F|  |TAMS 0x000000074ee00000, 0x000000074ee00000| Untracked 
| 239|0x000000074ef00000, 0x000000074ef00000, 0x000000074f000000|  0%| F|  |TAMS 0x000000074ef00000, 0x000000074ef00000| Untracked 
| 240|0x000000074f000000, 0x000000074f000000, 0x000000074f100000|  0%| F|  |TAMS 0x000000074f000000, 0x000000074f000000| Untracked 
| 241|0x000000074f100000, 0x000000074f100000, 0x000000074f200000|  0%| F|  |TAMS 0x000000074f100000, 0x000000074f100000| Untracked 
| 242|0x000000074f200000, 0x000000074f200000, 0x000000074f300000|  0%| F|  |TAMS 0x000000074f200000, 0x000000074f200000| Untracked 
| 243|0x000000074f300000, 0x000000074f300000, 0x000000074f400000|  0%| F|  |TAMS 0x000000074f300000, 0x000000074f300000| Untracked 
| 244|0x000000074f400000, 0x000000074f400000, 0x000000074f500000|  0%| F|  |TAMS 0x000000074f400000, 0x000000074f400000| Untracked 
| 245|0x000000074f500000, 0x000000074f500000, 0x000000074f600000|  0%| F|  |TAMS 0x000000074f500000, 0x000000074f500000| Untracked 
| 246|0x000000074f600000, 0x000000074f630948, 0x000000074f700000| 18%| O|  |TAMS 0x000000074f600000, 0x000000074f600000| Untracked 
| 247|0x000000074f700000, 0x000000074f700000, 0x000000074f800000|  0%| F|  |TAMS 0x000000074f700000, 0x000000074f700000| Untracked 
| 248|0x000000074f800000, 0x000000074f800000, 0x000000074f900000|  0%| F|  |TAMS 0x000000074f800000, 0x000000074f800000| Untracked 
| 249|0x000000074f900000, 0x000000074f900000, 0x000000074fa00000|  0%| F|  |TAMS 0x000000074f900000, 0x000000074f900000| Untracked 
| 250|0x000000074fa00000, 0x000000074fa00000, 0x000000074fb00000|  0%| F|  |TAMS 0x000000074fa00000, 0x000000074fa00000| Untracked 
| 251|0x000000074fb00000, 0x000000074fb00000, 0x000000074fc00000|  0%| F|  |TAMS 0x000000074fb00000, 0x000000074fb00000| Untracked 
| 252|0x000000074fc00000, 0x000000074fc00000, 0x000000074fd00000|  0%| F|  |TAMS 0x000000074fc00000, 0x000000074fc00000| Untracked 
| 253|0x000000074fd00000, 0x000000074fd00000, 0x000000074fe00000|  0%| F|  |TAMS 0x000000074fd00000, 0x000000074fd00000| Untracked 
| 254|0x000000074fe00000, 0x000000074fe03a98, 0x000000074ff00000|  1%| E|  |TAMS 0x000000074fe00000, 0x000000074fe00000| Complete 
| 255|0x000000074ff00000, 0x0000000750000000, 0x0000000750000000|100%| E|CS|TAMS 0x000000074ff00000, 0x000000074ff00000| Complete 

Card table byte_map: [0x0000014490350000,0x0000014490950000] _byte_map_base: 0x000001448c950000

Marking Bits (Prev, Next): (CMBitMap*) 0x000001448f940190, (CMBitMap*) 0x000001448f940158
 Prev Bits: [0x00000144b1660000, 0x00000144b4660000)
 Next Bits: [0x00000144ae660000, 0x00000144b1660000)

Polling page: 0x0000014489a50000

Metaspace:

Usage:
  Non-class:     53.00 MB capacity,    52.26 MB ( 99%) used,   582.71 KB (  1%) free+waste,   179.44 KB ( <1%) overhead. 
      Class:      8.03 MB capacity,     7.44 MB ( 93%) used,   522.28 KB (  6%) free+waste,    86.38 KB (  1%) overhead. 
       Both:     61.04 MB capacity,    59.70 MB ( 98%) used,     1.08 MB (  2%) free+waste,   265.81 KB ( <1%) overhead. 

Virtual space:
  Non-class space:       54.00 MB reserved,      53.01 MB ( 98%) committed 
      Class space:        1.00 GB reserved,       8.13 MB ( <1%) committed 
             Both:        1.05 GB reserved,      61.13 MB (  6%) committed 

Chunk freelists:
   Non-Class:  4.00 KB
       Class:  0 bytes
        Both:  4.00 KB

MaxMetaspaceSize: 17179869184.00 GB
CompressedClassSpaceSize: 1.00 GB

CodeHeap 'non-profiled nmethods': size=120000Kb used=5694Kb max_used=5694Kb free=114305Kb
 bounds [0x00000144a7130000, 0x00000144a76c0000, 0x00000144ae660000]
CodeHeap 'profiled nmethods': size=120000Kb used=21265Kb max_used=21265Kb free=98734Kb
 bounds [0x000001449fc00000, 0x00000144a10d0000, 0x00000144a7130000]
CodeHeap 'non-nmethods': size=5760Kb used=1488Kb max_used=1523Kb free=4271Kb
 bounds [0x000001449f660000, 0x000001449f8d0000, 0x000001449fc00000]
 total_blobs=9506 nmethods=8534 adapters=882
 compilation: enabled
              stopped_count=0, restarted_count=0
 full_count=0

Compilation events (20 events):
Event: 63.944 Thread 0x000001448fbb4000 8530       1       javax.swing.Timer::isRepeats (5 bytes)
Event: 63.944 Thread 0x000001448fbb4000 nmethod 8530 0x00000144a76bdf90 code [0x00000144a76be140, 0x00000144a76be1f8]
Event: 63.961 Thread 0x000001448fbb4000 8531       1       javax.swing.plaf.basic.BasicProgressBarUI::getAnimationIndex (5 bytes)
Event: 63.961 Thread 0x000001448fbb4000 nmethod 8531 0x00000144a76be290 code [0x00000144a76be440, 0x00000144a76be4f8]
Event: 63.961 Thread 0x000001448fbb4000 8532       3       javax.swing.JComponent::isDoubleBuffered (6 bytes)
Event: 63.961 Thread 0x000001448fbb4000 nmethod 8532 0x00000144a10b0c90 code [0x00000144a10b0e40, 0x00000144a10b0ff8]
Event: 64.011 Thread 0x000001448fbb4000 8533       3       java.awt.Rectangle::setRect (135 bytes)
Event: 64.013 Thread 0x000001448fbb4000 nmethod 8533 0x00000144a10b1090 code [0x00000144a10b12c0, 0x00000144a10b18d8]
Event: 64.013 Thread 0x000001448fbb4000 8534       3       de.javasoft.plaf.synthetica.painter.SyntheticaPainter::paintPanelBackground (17 bytes)
Event: 64.014 Thread 0x000001448fbb4000 nmethod 8534 0x00000144a10b1a90 code [0x00000144a10b1c80, 0x00000144a10b2038]
Event: 64.014 Thread 0x000001448fbb4000 8535       3       de.javasoft.plaf.synthetica.painter.PanelPainter::getInstance (36 bytes)
Event: 64.015 Thread 0x000001448fbb4000 nmethod 8535 0x00000144a10b2210 code [0x00000144a10b2400, 0x00000144a10b28a8]
Event: 64.015 Thread 0x000001448fbb4000 8536       3       de.javasoft.plaf.synthetica.painter.PanelPainter::paintPanelBackground (24 bytes)
Event: 64.016 Thread 0x000001448fbb4000 nmethod 8536 0x00000144a10b2a10 code [0x00000144a10b2be0, 0x00000144a10b2ea8]
Event: 64.016 Thread 0x000001448fbb4000 8537       3       de.javasoft.plaf.synthetica.painter.PanelPainter::paintPanelBackground (638 bytes)
Event: 64.030 Thread 0x000001448fbb4000 nmethod 8537 0x00000144a10b3010 code [0x00000144a10b36e0, 0x00000144a10b7ce8]
Event: 64.030 Thread 0x000001448fbb4000 8538       1       java.util.IdentityHashMap::size (5 bytes)
Event: 64.030 Thread 0x000001448fbb4000 nmethod 8538 0x00000144a76be590 code [0x00000144a76be740, 0x00000144a76be7f8]
Event: 64.083 Thread 0x000001448fbb4000 8539   !   3       java.util.concurrent.locks.AbstractQueuedSynchronizer::acquireQueued (74 bytes)
Event: 64.084 Thread 0x000001448fbb4000 nmethod 8539 0x00000144a10b9910 code [0x00000144a10b9bc0, 0x00000144a10ba8a8]

GC Heap History (20 events):
Event: 16.193 GC heap after
{Heap after GC invocations=1 (full 0):
 garbage-first heap   total 262144K, used 17692K [0x0000000740000000, 0x0000000800000000)
  region size 1024K, 8 young (8192K), 8 survivors (8192K)
 Metaspace       used 12804K, capacity 13161K, committed 13440K, reserved 1060864K
  class space    used 1190K, capacity 1329K, committed 1408K, reserved 1048576K
}
Event: 22.265 GC heap before
{Heap before GC invocations=1 (full 0):
 garbage-first heap   total 262144K, used 65820K [0x0000000740000000, 0x0000000800000000)
  region size 1024K, 55 young (56320K), 8 survivors (8192K)
 Metaspace       used 20624K, capacity 21142K, committed 21296K, reserved 1069056K
  class space    used 1813K, capacity 2071K, committed 2176K, reserved 1048576K
}
Event: 22.280 GC heap after
{Heap after GC invocations=2 (full 0):
 garbage-first heap   total 262144K, used 23183K [0x0000000740000000, 0x0000000800000000)
  region size 1024K, 6 young (6144K), 6 survivors (6144K)
 Metaspace       used 20624K, capacity 21142K, committed 21296K, reserved 1069056K
  class space    used 1813K, capacity 2071K, committed 2176K, reserved 1048576K
}
Event: 28.377 GC heap before
{Heap before GC invocations=3 (full 0):
 garbage-first heap   total 262144K, used 83599K [0x0000000740000000, 0x0000000800000000)
  region size 1024K, 60 young (61440K), 6 survivors (6144K)
 Metaspace       used 32001K, capacity 32687K, committed 32944K, reserved 1079296K
  class space    used 3241K, capacity 3504K, committed 3584K, reserved 1048576K
}
Event: 28.386 GC heap after
{Heap after GC invocations=4 (full 0):
 garbage-first heap   total 262144K, used 32504K [0x0000000740000000, 0x0000000800000000)
  region size 1024K, 6 young (6144K), 6 survivors (6144K)
 Metaspace       used 32001K, capacity 32687K, committed 32944K, reserved 1079296K
  class space    used 3241K, capacity 3504K, committed 3584K, reserved 1048576K
}
Event: 28.787 GC heap before
{Heap before GC invocations=4 (full 0):
 garbage-first heap   total 262144K, used 87800K [0x0000000740000000, 0x0000000800000000)
  region size 1024K, 60 young (61440K), 6 survivors (6144K)
 Metaspace       used 32125K, capacity 32793K, committed 32944K, reserved 1079296K
  class space    used 3247K, capacity 3536K, committed 3584K, reserved 1048576K
}
Event: 28.793 GC heap after
{Heap after GC invocations=5 (full 0):
 garbage-first heap   total 262144K, used 30651K [0x0000000740000000, 0x0000000800000000)
  region size 1024K, 1 young (1024K), 1 survivors (1024K)
 Metaspace       used 32125K, capacity 32793K, committed 32944K, reserved 1079296K
  class space    used 3247K, capacity 3536K, committed 3584K, reserved 1048576K
}
Event: 29.637 GC heap before
{Heap before GC invocations=5 (full 0):
 garbage-first heap   total 262144K, used 58299K [0x0000000740000000, 0x0000000800000000)
  region size 1024K, 29 young (29696K), 1 survivors (1024K)
 Metaspace       used 35136K, capacity 35778K, committed 35920K, reserved 1081344K
  class space    used 3734K, capacity 3998K, committed 4096K, reserved 1048576K
}
Event: 29.641 GC heap after
{Heap after GC invocations=6 (full 0):
 garbage-first heap   total 262144K, used 30971K [0x0000000740000000, 0x0000000800000000)
  region size 1024K, 2 young (2048K), 2 survivors (2048K)
 Metaspace       used 35136K, capacity 35778K, committed 35920K, reserved 1081344K
  class space    used 3734K, capacity 3998K, committed 4096K, reserved 1048576K
}
Event: 49.093 GC heap before
{Heap before GC invocations=7 (full 0):
 garbage-first heap   total 262144K, used 89339K [0x0000000740000000, 0x0000000800000000)
  region size 1024K, 60 young (61440K), 2 survivors (2048K)
 Metaspace       used 45781K, capacity 46703K, committed 47056K, reserved 1091584K
  class space    used 5101K, capacity 5466K, committed 5504K, reserved 1048576K
}
Event: 49.100 GC heap after
{Heap after GC invocations=8 (full 0):
 garbage-first heap   total 262144K, used 38014K [0x0000000740000000, 0x0000000800000000)
  region size 1024K, 8 young (8192K), 8 survivors (8192K)
 Metaspace       used 45781K, capacity 46703K, committed 47056K, reserved 1091584K
  class space    used 5101K, capacity 5466K, committed 5504K, reserved 1048576K
}
Event: 52.441 GC heap before
{Heap before GC invocations=8 (full 0):
 garbage-first heap   total 262144K, used 91262K [0x0000000740000000, 0x0000000800000000)
  region size 1024K, 60 young (61440K), 8 survivors (8192K)
 Metaspace       used 51291K, capacity 52203K, committed 52304K, reserved 1095680K
  class space    used 5917K, capacity 6326K, committed 6400K, reserved 1048576K
}
Event: 52.452 GC heap after
{Heap after GC invocations=9 (full 0):
 garbage-first heap   total 262144K, used 43940K [0x0000000740000000, 0x0000000800000000)
  region size 1024K, 8 young (8192K), 8 survivors (8192K)
 Metaspace       used 51291K, capacity 52203K, committed 52304K, reserved 1095680K
  class space    used 5917K, capacity 6326K, committed 6400K, reserved 1048576K
}
Event: 56.069 GC heap before
{Heap before GC invocations=9 (full 0):
 garbage-first heap   total 262144K, used 97188K [0x0000000740000000, 0x0000000800000000)
  region size 1024K, 60 young (61440K), 8 survivors (8192K)
 Metaspace       used 53453K, capacity 54345K, committed 54480K, reserved 1097728K
  class space    used 6320K, capacity 6710K, committed 6784K, reserved 1048576K
}
Event: 56.075 GC heap after
{Heap after GC invocations=10 (full 0):
 garbage-first heap   total 262144K, used 45843K [0x0000000740000000, 0x0000000800000000)
  region size 1024K, 6 young (6144K), 6 survivors (6144K)
 Metaspace       used 53453K, capacity 54345K, committed 54480K, reserved 1097728K
  class space    used 6320K, capacity 6710K, committed 6784K, reserved 1048576K
}
Event: 60.570 GC heap before
{Heap before GC invocations=10 (full 0):
 garbage-first heap   total 262144K, used 111379K [0x0000000740000000, 0x0000000800000000)
  region size 1024K, 60 young (61440K), 6 survivors (6144K)
 Metaspace       used 58804K, capacity 59972K, committed 60112K, reserved 1101824K
  class space    used 7240K, capacity 7757K, committed 7808K, reserved 1048576K
}
Event: 60.585 GC heap after
{Heap after GC invocations=11 (full 0):
 garbage-first heap   total 262144K, used 68716K [0x0000000740000000, 0x0000000800000000)
  region size 1024K, 8 young (8192K), 8 survivors (8192K)
 Metaspace       used 58804K, capacity 59972K, committed 60112K, reserved 1101824K
  class space    used 7240K, capacity 7757K, committed 7808K, reserved 1048576K
}
Event: 60.865 GC heap before
{Heap before GC invocations=11 (full 0):
 garbage-first heap   total 262144K, used 71788K [0x0000000740000000, 0x0000000800000000)
  region size 1024K, 13 young (13312K), 8 survivors (8192K)
 Metaspace       used 59066K, capacity 60230K, committed 60296K, reserved 1101824K
  class space    used 7284K, capacity 7806K, committed 7808K, reserved 1048576K
}
Event: 60.880 GC heap after
{Heap after GC invocations=12 (full 0):
 garbage-first heap   total 262144K, used 69147K [0x0000000740000000, 0x0000000800000000)
  region size 1024K, 2 young (2048K), 2 survivors (2048K)
 Metaspace       used 59066K, capacity 60230K, committed 60296K, reserved 1101824K
  class space    used 7284K, capacity 7806K, committed 7808K, reserved 1048576K
}
Event: 64.106 GC heap before
{Heap before GC invocations=13 (full 0):
 garbage-first heap   total 262144K, used 81435K [0x0000000740000000, 0x0000000800000000)
  region size 1024K, 17 young (17408K), 2 survivors (2048K)
 Metaspace       used 61122K, capacity 62438K, committed 62600K, reserved 1103872K
  class space    used 7617K, capacity 8226K, committed 8320K, reserved 1048576K
}

Deoptimization events (20 events):
Event: 61.830 Thread 0x000001448fcec800 DEOPT PACKING pc=0x00000144a0a7a479 sp=0x0000002e72ef5160
Event: 61.830 Thread 0x000001448fcec800 DEOPT UNPACKING pc=0x000001449f68705e sp=0x0000002e72ef45d8 mode 0
Event: 61.830 Thread 0x000001448fcec800 DEOPT PACKING pc=0x00000144a0a7a479 sp=0x0000002e72ef5160
Event: 61.830 Thread 0x000001448fcec800 DEOPT UNPACKING pc=0x000001449f68705e sp=0x0000002e72ef45d8 mode 0
Event: 61.842 Thread 0x000001448fcec800 DEOPT PACKING pc=0x00000144a0a7a479 sp=0x0000002e72ef5160
Event: 61.842 Thread 0x000001448fcec800 DEOPT UNPACKING pc=0x000001449f68705e sp=0x0000002e72ef45d8 mode 0
Event: 61.843 Thread 0x000001448fcec800 DEOPT PACKING pc=0x00000144a0a7a479 sp=0x0000002e72ef5160
Event: 61.843 Thread 0x000001448fcec800 DEOPT UNPACKING pc=0x000001449f68705e sp=0x0000002e72ef45d8 mode 0
Event: 61.851 Thread 0x000001448fcec800 DEOPT PACKING pc=0x00000144a0a7a479 sp=0x0000002e72ef51f0
Event: 61.851 Thread 0x000001448fcec800 DEOPT UNPACKING pc=0x000001449f68705e sp=0x0000002e72ef4668 mode 0
Event: 61.863 Thread 0x000001448fcec800 DEOPT PACKING pc=0x00000144a0a7a479 sp=0x0000002e72ef5240
Event: 61.863 Thread 0x000001448fcec800 DEOPT UNPACKING pc=0x000001449f68705e sp=0x0000002e72ef46b8 mode 0
Event: 61.869 Thread 0x000001448fcec800 Uncommon trap: trap_request=0xffffff4d fr.pc=0x00000144a7351018 relative=0x0000000000000078
Event: 61.869 Thread 0x000001448fcec800 Uncommon trap: reason=unstable_if action=reinterpret pc=0x00000144a7351018 method=sun.awt.SunToolkit.getAppContext(Ljava/lang/Object;)Lsun/awt/AppContext; @ 4 c2
Event: 61.869 Thread 0x000001448fcec800 DEOPT PACKING pc=0x00000144a7351018 sp=0x0000002e72ef35f0
Event: 61.870 Thread 0x000001448fcec800 DEOPT UNPACKING pc=0x000001449f6868af sp=0x0000002e72ef3590 mode 2
Event: 63.526 Thread 0x000001448fcec800 Uncommon trap: trap_request=0xffffffde fr.pc=0x00000144a72309c8 relative=0x00000000000003e8
Event: 63.526 Thread 0x000001448fcec800 Uncommon trap: reason=class_check action=maybe_recompile pc=0x00000144a72309c8 method=java.util.HashSet.iterator()Ljava/util/Iterator; @ 4 c2
Event: 63.526 Thread 0x000001448fcec800 DEOPT PACKING pc=0x00000144a72309c8 sp=0x0000002e72ef78d0
Event: 63.526 Thread 0x000001448fcec800 DEOPT UNPACKING pc=0x000001449f6868af sp=0x0000002e72ef7898 mode 2

Classes redefined (0 events):
No events

Internal exceptions (20 events):
Event: 60.813 Thread 0x000001448fcec800 Exception <a 'java/lang/NoSuchMethodError'{0x000000074fc2b0f8}: 'java.lang.Object java.lang.invoke.DirectMethodHandle$Holder.invokeSpecial(java.lang.Object, java.lang.Object, long)'> (0x000000074fc2b0f8) thrown at [./src/hotspot/share/interpreter/linkResolver.cpp, line 773]
Event: 60.849 Thread 0x000001448fcec800 Exception <a 'java/lang/NoSuchMethodError'{0x000000074fcdf790}: 'java.lang.Object java.lang.invoke.DirectMethodHandle$Holder.invokeSpecial(java.lang.Object, java.lang.Object, int, int, int, java.lang.Object, java.lang.Object, java.lang.Object, java.lang.Object)'> (0x000000074fcdf790) thrown at [./src/hotspot/share/interpreter/linkResolver.cpp, line 773]
Event: 60.849 Thread 0x000001448fcec800 Exception <a 'java/lang/NoSuchMethodError'{0x000000074fce31f0}: 'java.lang.Object java.lang.invoke.DelegatingMethodHandle$Holder.reinvoke_L(java.lang.Object, int, int, int, java.lang.Object, java.lang.Object, java.lang.Object, java.lang.Object)'> (0x000000074fce31f0) thrown at [./src/hotspot/share/interpreter/linkResolver.cpp, line 773]
Event: 60.850 Thread 0x000001448fcec800 Exception <a 'java/lang/NoSuchMethodError'{0x000000074fb04f28}: 'java.lang.Object java.lang.invoke.DirectMethodHandle$Holder.invokeStatic(java.lang.Object, java.lang.Object, java.lang.Object, java.lang.Object, java.lang.Object, java.lang.Object, java.lang.Object, int)'> (0x000000074fb04f28) thrown at [./src/hotspot/share/interpreter/linkResolver.cpp, line 773]
Event: 60.852 Thread 0x000001448fcec800 Exception <a 'java/lang/NoSuchMethodError'{0x000000074fb1d1d0}: 'java.lang.Object java.lang.invoke.DirectMethodHandle$Holder.invokeStatic(java.lang.Object, java.lang.Object, java.lang.Object, java.lang.Object, java.lang.Object, java.lang.Object, java.lang.Object, int, int)'> (0x000000074fb1d1d0) thrown at [./src/hotspot/share/interpreter/linkResolver.cpp, line 773]
Event: 60.856 Thread 0x000001448fcec800 Exception <a 'java/lang/NoSuchMethodError'{0x000000074fb36b40}: 'java.lang.Object java.lang.invoke.DirectMethodHandle$Holder.invokeStatic(java.lang.Object, java.lang.Object, java.lang.Object, java.lang.Object, java.lang.Object, java.lang.Object, java.lang.Object, int, int, java.lang.Object)'> (0x000000074fb36b40) thrown at [./src/hotspot/share/interpreter/linkResolver.cpp, line 773]
Event: 60.857 Thread 0x000001448fcec800 Exception <a 'java/lang/NoSuchMethodError'{0x000000074fb51a20}: 'java.lang.Object java.lang.invoke.DirectMethodHandle$Holder.invokeStatic(java.lang.Object, java.lang.Object, java.lang.Object, java.lang.Object, java.lang.Object, java.lang.Object, java.lang.Object, int, int, java.lang.Object, java.lang.Object)'> (0x000000074fb51a20) thrown at [./src/hotspot/share/interpreter/linkResolver.cpp, line 773]
Event: 60.860 Thread 0x000001448fcec800 Exception <a 'java/lang/NoSuchMethodError'{0x000000074fb6dd00}: 'java.lang.Object java.lang.invoke.DirectMethodHandle$Holder.invokeStatic(java.lang.Object, java.lang.Object, java.lang.Object, java.lang.Object, java.lang.Object, java.lang.Object, java.lang.Object, int, int, java.lang.Object, java.lang.Object, java.lang.Object)'> (0x000000074fb6dd00) thrown at [./src/hotspot/share/interpreter/linkResolver.cpp, line 773]
Event: 60.861 Thread 0x000001448fcec800 Exception <a 'java/lang/NoSuchMethodError'{0x000000074fb911b8}: 'java.lang.Object java.lang.invoke.DirectMethodHandle$Holder.invokeStatic(java.lang.Object, java.lang.Object, java.lang.Object, java.lang.Object, java.lang.Object, java.lang.Object, java.lang.Object, int, int, java.lang.Object, java.lang.Object, java.lang.Object, java.lang.Object)'> (0x000000074fb911b8) thrown at [./src/hotspot/share/interpreter/linkResolver.cpp, line 773]
Event: 61.611 Thread 0x0000014495d93800 Implicit null exception at 0x00000144a7516276 to 0x00000144a7516340
Event: 61.684 Thread 0x0000014495d93800 Exception <a 'java/lang/NoSuchMethodError'{0x000000074f77f388}: 'java.lang.Object java.lang.invoke.DirectMethodHandle$Holder.invokeSpecial(java.lang.Object, java.lang.Object, int, int, int, java.lang.Object, java.lang.Object, java.lang.Object)'> (0x000000074f77f388) thrown at [./src/hotspot/share/interpreter/linkResolver.cpp, line 773]
Event: 61.685 Thread 0x0000014495d93800 Exception <a 'java/lang/NoSuchMethodError'{0x000000074f7829c8}: 'java.lang.Object java.lang.invoke.DelegatingMethodHandle$Holder.reinvoke_L(java.lang.Object, int, int, int, java.lang.Object, java.lang.Object, java.lang.Object)'> (0x000000074f7829c8) thrown at [./src/hotspot/share/interpreter/linkResolver.cpp, line 773]
Event: 61.686 Thread 0x0000014495d93800 Exception <a 'java/lang/NoSuchMethodError'{0x000000074f7a33d8}: 'java.lang.Object java.lang.invoke.DirectMethodHandle$Holder.invokeStatic(java.lang.Object, java.lang.Object, java.lang.Object, java.lang.Object, java.lang.Object, int, int, java.lang.Object, java.lang.Object)'> (0x000000074f7a33d8) thrown at [./src/hotspot/share/interpreter/linkResolver.cpp, line 773]
Event: 61.687 Thread 0x0000014495d93800 Exception <a 'java/lang/NoSuchMethodError'{0x000000074f7bd048}: 'java.lang.Object java.lang.invoke.DirectMethodHandle$Holder.invokeStatic(java.lang.Object, java.lang.Object, java.lang.Object, java.lang.Object, java.lang.Object, int, int, java.lang.Object, java.lang.Object, java.lang.Object)'> (0x000000074f7bd048) thrown at [./src/hotspot/share/interpreter/linkResolver.cpp, line 773]
Event: 63.411 Thread 0x000001448fcec800 Exception <a 'java/lang/NoSuchMethodError'{0x000000074f152c90}: 'java.lang.Object java.lang.invoke.DirectMethodHandle$Holder.invokeStaticInit(java.lang.Object, java.lang.Object, java.lang.Object)'> (0x000000074f152c90) thrown at [./src/hotspot/share/interpreter/linkResolver.cpp, line 773]
Event: 63.506 Thread 0x000001448fcec800 Exception <a 'java/lang/NoSuchMethodError'{0x000000074f1f3e00}: 'java.lang.Object java.lang.invoke.DirectMethodHandle$Holder.invokeSpecial(java.lang.Object, java.lang.Object, int, int, int, java.lang.Object, java.lang.Object, java.lang.Object, java.lang.Object, int)'> (0x000000074f1f3e00) thrown at [./src/hotspot/share/interpreter/linkResolver.cpp, line 773]
Event: 63.506 Thread 0x000001448fcec800 Exception <a 'java/lang/NoSuchMethodError'{0x000000074f1f7a98}: 'java.lang.Object java.lang.invoke.DelegatingMethodHandle$Holder.reinvoke_L(java.lang.Object, int, int, int, java.lang.Object, java.lang.Object, java.lang.Object, java.lang.Object, int)'> (0x000000074f1f7a98) thrown at [./src/hotspot/share/interpreter/linkResolver.cpp, line 773]
Event: 63.509 Thread 0x000001448fcec800 Exception <a 'java/lang/NoSuchMethodError'{0x000000074f045e80}: 'java.lang.Object java.lang.invoke.DirectMethodHandle$Holder.invokeSpecial(java.lang.Object, java.lang.Object, java.lang.Object, java.lang.Object, java.lang.Object, java.lang.Object, int)'> (0x000000074f045e80) thrown at [./src/hotspot/share/interpreter/linkResolver.cpp, line 773]
Event: 63.509 Thread 0x000001448fcec800 Exception <a 'java/lang/NoSuchMethodError'{0x000000074f049558}: 'java.lang.Object java.lang.invoke.DelegatingMethodHandle$Holder.reinvoke_L(java.lang.Object, java.lang.Object, java.lang.Object, java.lang.Object, java.lang.Object, int)'> (0x000000074f049558) thrown at [./src/hotspot/share/interpreter/linkResolver.cpp, line 773]
Event: 63.510 Thread 0x000001448fcec800 Exception <a 'java/lang/NoSuchMethodError'{0x000000074f057700}: 'java.lang.Object java.lang.invoke.Invokers$Holder.linkToTargetMethod(java.lang.Object, java.lang.Object, java.lang.Object, java.lang.Object, int, java.lang.Object)'> (0x000000074f057700) thrown at [./src/hotspot/share/interpreter/linkResolver.cpp, line 773]

Events (20 events):
Event: 63.550 loading class java/util/stream/SortedOps$AbstractRefSortingSink
Event: 63.550 loading class java/util/stream/SortedOps$AbstractRefSortingSink done
Event: 63.550 loading class java/util/stream/SortedOps$RefSortingSink done
Event: 63.553 loading class ui/utils/b/a
Event: 63.553 loading class ui/utils/b/a done
Event: 63.762 Thread 0x0000014494f52000 Thread exited: 0x0000014494f52000
Event: 63.853 loading class ui/frmwork/xhub/q
Event: 63.853 loading class ui/frmwork/xhub/q done
Event: 64.060 loading class ui/utils/p/a/d
Event: 64.060 loading class ui/utils/p/a/d done
Event: 64.061 Thread 0x00000144b9fa3800 Thread added: 0x00000144b9fa3800
Event: 64.065 Executing VM operation: RevokeBias
Event: 64.065 Executing VM operation: RevokeBias done
Event: 64.066 loading class java/lang/ref/Finalizer$2
Event: 64.101 loading class java/lang/ref/Finalizer$2 done
Event: 64.101 loading class java/lang/ref/Finalizer$1
Event: 64.101 loading class java/lang/ref/Finalizer$1 done
Event: 64.101 Thread 0x00000144b9fa2800 Thread added: 0x00000144b9fa2800
Event: 64.106 Thread 0x00000144b9fa2800 Thread exited: 0x00000144b9fa2800
Event: 64.106 Executing VM operation: G1CollectFull


Dynamic libraries:
0x00007ff75fde0000 - 0x00007ff75fe11000 	C:\Xilinx\Vivado\2022.2\bin\unwrapped\win64.o\vivado.exe
0x00007fff951d0000 - 0x00007fff953e4000 	C:\WINDOWS\SYSTEM32\ntdll.dll
0x00007fff944c0000 - 0x00007fff94582000 	C:\WINDOWS\System32\KERNEL32.DLL
0x00007fff927a0000 - 0x00007fff92b3c000 	C:\WINDOWS\System32\KERNELBASE.dll
0x00007fff92680000 - 0x00007fff92791000 	C:\WINDOWS\System32\ucrtbase.dll
0x00007fff75150000 - 0x00007fff7516b000 	C:\WINDOWS\SYSTEM32\VCRUNTIME140.dll
0x00007fff4bc90000 - 0x00007fff4bd1d000 	C:\WINDOWS\SYSTEM32\MSVCP140.dll
0x00007fff87900000 - 0x00007fff8790c000 	C:\WINDOWS\SYSTEM32\VCRUNTIME140_1.dll
0x00007fff21460000 - 0x00007fff22891000 	C:\Xilinx\Vivado\2022.2\lib\win64.o\librdi_common.dll
0x00007fff94850000 - 0x00007fff949fb000 	C:\WINDOWS\System32\USER32.dll
0x00007fff92f30000 - 0x00007fff92f56000 	C:\WINDOWS\System32\win32u.dll
0x00007fff94c20000 - 0x00007fff94c49000 	C:\WINDOWS\System32\GDI32.dll
0x00007fff92c00000 - 0x00007fff92d12000 	C:\WINDOWS\System32\gdi32full.dll
0x00007fff92e90000 - 0x00007fff92f2a000 	C:\WINDOWS\System32\msvcp_win.dll
0x00007fff44630000 - 0x00007fff4499e000 	C:\Xilinx\Vivado\2022.2\lib\win64.o\libCOIN-all.dll
0x00007fff94a00000 - 0x00007fff94aae000 	C:\WINDOWS\System32\ADVAPI32.dll
0x00007fff95030000 - 0x00007fff950d7000 	C:\WINDOWS\System32\msvcrt.dll
0x00007fff950e0000 - 0x00007fff95184000 	C:\WINDOWS\System32\sechost.dll
0x00007fff94f10000 - 0x00007fff95025000 	C:\WINDOWS\System32\RPCRT4.dll
0x00007fff93ce0000 - 0x00007fff944bb000 	C:\WINDOWS\System32\SHELL32.dll
0x00007fff73600000 - 0x00007fff73611000 	C:\Xilinx\Vivado\2022.2\lib\win64.o\libboost_date_time.dll
0x00007fff92610000 - 0x00007fff92679000 	C:\WINDOWS\System32\WINTRUST.dll
0x00007fff93a70000 - 0x00007fff93ae1000 	C:\WINDOWS\System32\WS2_32.dll
0x00007fff462e0000 - 0x00007fff46301000 	C:\Xilinx\Vivado\2022.2\lib\win64.o\libboost_filesystem.dll
0x00007fff46260000 - 0x00007fff462d9000 	C:\Xilinx\Vivado\2022.2\lib\win64.o\libboost_program_options.dll
0x00007fff44510000 - 0x00007fff44624000 	C:\Xilinx\Vivado\2022.2\lib\win64.o\libboost_regex.dll
0x00007fff444f0000 - 0x00007fff4450c000 	C:\Xilinx\Vivado\2022.2\lib\win64.o\libboost_thread.dll
0x00007fff889a0000 - 0x00007fff889ac000 	C:\Xilinx\Vivado\2022.2\lib\win64.o\libboost_xilinx.dll
0x00007fff44460000 - 0x00007fff444e2000 	C:\Xilinx\Vivado\2022.2\lib\win64.o\libhdlpsolve.dll
0x00007fff443b0000 - 0x00007fff44455000 	C:\Xilinx\Vivado\2022.2\lib\win64.o\libhdxml.dll
0x00007fff44380000 - 0x00007fff443aa000 	C:\Xilinx\Vivado\2022.2\lib\win64.o\libisl_sysinfo.dll
0x00007fff44310000 - 0x00007fff44375000 	C:\Xilinx\Vivado\2022.2\lib\win64.o\liblmx6.0.dll
0x00007fff442f0000 - 0x00007fff4430a000 	C:\Xilinx\Vivado\2022.2\lib\win64.o\pthreadVC2.dll
0x00007fff212a0000 - 0x00007fff21455000 	C:\Xilinx\Vivado\2022.2\lib\win64.o\librdi_commonxillic.dll
0x00007fff442d0000 - 0x00007fff442ec000 	C:\Xilinx\Vivado\2022.2\lib\win64.o\librdiconfig.dll
0x00007fff947d0000 - 0x00007fff9482e000 	C:\WINDOWS\System32\SHLWAPI.dll
0x00007fff1f2a0000 - 0x00007fff2021d200 	C:\Xilinx\Vivado\2022.2\lib\win64.o\libisl_iostreams.dll
0x00007fff442a0000 - 0x00007fff442c1000 	C:\Xilinx\Vivado\2022.2\lib\win64.o\librdizlib.dll
0x00000000722b0000 - 0x00000000723db000 	C:\Xilinx\Vivado\2022.2\lib\win64.o\tcl85t.dll
0x00007fff20fd0000 - 0x00007fff21291000 	C:\Xilinx\Vivado\2022.2\lib\win64.o\xerces-c_3_2.dll
0x00007fff72160000 - 0x00007fff72179000 	C:\WINDOWS\SYSTEM32\NETAPI32.dll
0x00007fff6c5f0000 - 0x00007fff6cae4000 	C:\WINDOWS\SYSTEM32\WININET.dll
0x00007fff87450000 - 0x00007fff8757f000 	C:\WINDOWS\SYSTEM32\WINHTTP.dll
0x00007fff84750000 - 0x00007fff8493f000 	C:\WINDOWS\SYSTEM32\urlmon.dll
0x00007fff88a20000 - 0x00007fff88a29000 	C:\WINDOWS\SYSTEM32\WSOCK32.dll
0x00007fff20f90000 - 0x00007fff20fc1000 	C:\WINDOWS\SYSTEM32\VCOMP140.DLL
0x00007fff1d380000 - 0x00007fff1f297000 	C:\Xilinx\Vivado\2022.2\lib\win64.o\gurobi90.dll
0x00007fff92d20000 - 0x00007fff92e86000 	C:\WINDOWS\System32\CRYPT32.dll
0x00007fff935a0000 - 0x00007fff93601000 	C:\WINDOWS\System32\WLDAP32.dll
0x00007fff93460000 - 0x00007fff93468000 	C:\WINDOWS\System32\Normaliz.dll
0x00007fff92010000 - 0x00007fff92038000 	C:\WINDOWS\SYSTEM32\bcrypt.dll
0x00007fff1d060000 - 0x00007fff1d376000 	C:\Xilinx\Vivado\2022.2\lib\win64.o\libXil_lmgr11.dll
0x00007fff945a0000 - 0x00007fff94695000 	C:\WINDOWS\System32\COMDLG32.dll
0x00007fff44280000 - 0x00007fff44298000 	C:\Xilinx\Vivado\2022.2\lib\win64.o\libboost_iostreams.dll
0x00007fff93670000 - 0x00007fff939f9000 	C:\WINDOWS\System32\combase.dll
0x00007fff94c50000 - 0x00007fff94d41000 	C:\WINDOWS\System32\shcore.dll
0x00007fff94b40000 - 0x00007fff94c17000 	C:\WINDOWS\System32\OLEAUT32.dll
0x00007fff93b40000 - 0x00007fff93cdc000 	C:\WINDOWS\System32\ole32.dll
0x00007fff20f60000 - 0x00007fff20f84000 	C:\Xilinx\Vivado\2022.2\lib\win64.o\libisl_iosutils.dll
0x00007fff7f1e0000 - 0x00007fff7f490000 	C:\WINDOWS\SYSTEM32\iertutil.dll
0x00007fff80fc0000 - 0x00007fff80fe8000 	C:\WINDOWS\SYSTEM32\srvcli.dll
0x00007fff91250000 - 0x00007fff9125c000 	C:\WINDOWS\SYSTEM32\netutils.dll
0x00007fff88460000 - 0x00007fff88513000 	C:\WINDOWS\WinSxS\amd64_microsoft.windows.common-controls_6595b64144ccf1df_5.82.22621.1_none_264444516c11df07\COMCTL32.dll
0x00007fff873a0000 - 0x00007fff873bf000 	C:\WINDOWS\SYSTEM32\dhcpcsvc.DLL
0x00007fff91d00000 - 0x00007fff91d28000 	C:\WINDOWS\SYSTEM32\USERENV.dll
0x00007fff91ae0000 - 0x00007fff91b49000 	C:\WINDOWS\SYSTEM32\MSWSOCK.DLL
0x00007fff20f40000 - 0x00007fff20f58000 	C:\Xilinx\Vivado\2022.2\lib\win64.o\librdi_commonmain.dll
0x00007fff62620000 - 0x00007fff62629000 	C:\Xilinx\Vivado\2022.2\lib\win64.o\librdi_commonversion.dll
0x00007fff93a30000 - 0x00007fff93a61000 	C:\WINDOWS\System32\IMM32.DLL
0x00007fff91eb0000 - 0x00007fff91ec2000 	C:\WINDOWS\SYSTEM32\MSASN1.dll
0x00007fff91e50000 - 0x00007fff91e6b000 	C:\WINDOWS\SYSTEM32\CRYPTSP.dll
0x00007fff915f0000 - 0x00007fff91625000 	C:\WINDOWS\system32\rsaenh.dll
0x00007fff91e70000 - 0x00007fff91e7c000 	C:\WINDOWS\SYSTEM32\CRYPTBASE.dll
0x00007fff92f60000 - 0x00007fff92fdb000 	C:\WINDOWS\System32\bcryptPrimitives.dll
0x00007fff91630000 - 0x00007fff91648000 	C:\WINDOWS\SYSTEM32\kernel.appcore.dll
0x00007fff94830000 - 0x00007fff9484f000 	C:\WINDOWS\System32\imagehlp.dll
0x00007fff1c640000 - 0x00007fff1cb73000 	C:\Xilinx\Vivado\2022.2\lib\win64.o\librdi_commontasks.dll
0x00007fff87020000 - 0x00007fff8702a000 	C:\WINDOWS\SYSTEM32\VERSION.dll
0x00007fff1c310000 - 0x00007fff1c635a00 	C:\Xilinx\Vivado\2022.2\lib\win64.o\librdi_sio.dll
0x00007fff91120000 - 0x00007fff9114d000 	C:\WINDOWS\SYSTEM32\IPHLPAPI.DLL
0x00007fff1b7c0000 - 0x00007fff1c30d000 	C:\Xilinx\Vivado\2022.2\tps\win64\jre11.0.11_9\bin\server\jvm.dll
0x00007fff94590000 - 0x00007fff94598000 	C:\WINDOWS\System32\PSAPI.DLL
0x00007fff87db0000 - 0x00007fff87de4000 	C:\WINDOWS\SYSTEM32\WINMM.dll
0x00007fff918d0000 - 0x00007fff91918000 	C:\WINDOWS\SYSTEM32\SspiCli.dll
0x00007fff4b260000 - 0x00007fff4b277000 	C:\WINDOWS\system32\napinsp.dll
0x00007fff45230000 - 0x00007fff4524b000 	C:\WINDOWS\system32\pnrpnsp.dll
0x00007fff44af0000 - 0x00007fff44b11000 	C:\WINDOWS\system32\nlansp_c.dll
0x00007fff91150000 - 0x00007fff91242000 	C:\WINDOWS\SYSTEM32\DNSAPI.dll
0x00007fff93a20000 - 0x00007fff93a29000 	C:\WINDOWS\System32\NSI.dll
0x00007fff44fb0000 - 0x00007fff44fc1000 	C:\WINDOWS\System32\winrnr.dll
0x0000000072f20000 - 0x0000000072f46000 	C:\Program Files\Bonjour\mdnsNSP.dll
0x00007fff785b0000 - 0x00007fff785c5000 	C:\WINDOWS\system32\wshbth.dll
0x00007fff90250000 - 0x00007fff90b04000 	C:\WINDOWS\SYSTEM32\windows.storage.dll
0x00007fff90110000 - 0x00007fff9024d000 	C:\WINDOWS\SYSTEM32\wintypes.dll
0x00007fff13e30000 - 0x00007fff16b55000 	C:\Xilinx\Vivado\2022.2\lib\win64.o\librdi_tcltasks.dll
0x00007fff202d0000 - 0x00007fff20314000 	C:\Xilinx\Vivado\2022.2\lib\win64.o\libboost_serialization.dll
0x00007fff18760000 - 0x00007fff18887000 	C:\Xilinx\Vivado\2022.2\lib\win64.o\librdi_chipscope.dll
0x00007fff18570000 - 0x00007fff18753000 	C:\Xilinx\Vivado\2022.2\lib\win64.o\librdi_board.dll
0x00007fff1a680000 - 0x00007fff1a700000 	C:\Xilinx\Vivado\2022.2\lib\win64.o\librdi_boarddep.dll
0x00007fff17c90000 - 0x00007fff1816d000 	C:\Xilinx\Vivado\2022.2\lib\win64.o\librdi_bitstream.dll
0x00007fff17a80000 - 0x00007fff17c82000 	C:\Xilinx\Vivado\2022.2\lib\win64.o\librdi_chipscopeimpl.dll
0x00007fff17910000 - 0x00007fff17a75000 	C:\Xilinx\Vivado\2022.2\lib\win64.o\librdi_containers.dll
0x00007fff02c40000 - 0x00007fff04e6c000 	C:\Xilinx\Vivado\2022.2\lib\win64.o\librdi_constraints.dll
0x00007fff01750000 - 0x00007fff02c35000 	C:\Xilinx\Vivado\2022.2\lib\win64.o\librdi_device.dll
0x00007ffeff740000 - 0x00007fff0174d000 	C:\Xilinx\Vivado\2022.2\lib\win64.o\librdi_designutils.dll
0x00007fff172e0000 - 0x00007fff17663000 	C:\Xilinx\Vivado\2022.2\lib\win64.o\librdi_dlyest.dll
0x00007fff4f910000 - 0x00007fff4f9c4000 	C:\Xilinx\Vivado\2022.2\lib\win64.o\librdi_dsp.dll
0x00007ffeff060000 - 0x00007ffeff73b000 	C:\Xilinx\Vivado\2022.2\lib\win64.o\librdi_drc.dll
0x00007ffefca70000 - 0x00007ffeff055000 	C:\Xilinx\Vivado\2022.2\lib\win64.o\librdi_coregen.dll
0x00007fff13b00000 - 0x00007fff13e2b000 	C:\Xilinx\Vivado\2022.2\lib\win64.o\librdi_guitools.dll
0x00007fff20260000 - 0x00007fff202cb000 	C:\Xilinx\Vivado\2022.2\lib\win64.o\librdi_hdf.dll
0x00007fff18420000 - 0x00007fff18567000 	C:\Xilinx\Vivado\2022.2\lib\win64.o\librdi_hip_perf_analysis.dll
0x00007ffefbf90000 - 0x00007ffefc625000 	C:\Xilinx\Vivado\2022.2\lib\win64.o\librdi_filemgmt.dll
0x00007ffefbcd0000 - 0x00007ffefbf8d000 	C:\Xilinx\Vivado\2022.2\lib\win64.o\librdi_hip_devdesign.dll
0x00007ffefabb0000 - 0x00007ffefb9e3000 	C:\Xilinx\Vivado\2022.2\lib\win64.o\librdi_ippcw.dll
0x00007ffef9c90000 - 0x00007ffefabab000 	C:\Xilinx\Vivado\2022.2\lib\win64.o\librdi_implflow.dll
0x00007fff18320000 - 0x00007fff1839d000 	C:\Xilinx\Vivado\2022.2\lib\win64.o\librdi_memoryarray.dll
0x00007ffef94e0000 - 0x00007ffef9c81000 	C:\Xilinx\Vivado\2022.2\lib\win64.o\librdi_lopt.dll
0x00007ffef8e80000 - 0x00007ffef94d5000 	C:\Xilinx\Vivado\2022.2\lib\win64.o\librdi_memdata.dll
0x00007fff183c0000 - 0x00007fff1841b000 	C:\Xilinx\Vivado\2022.2\lib\win64.o\librdi_pfi.dll
0x00007ffef65b0000 - 0x00007ffef8e75000 	C:\Xilinx\Vivado\2022.2\lib\win64.o\librdi_mig.dll
0x00007ffef5e40000 - 0x00007ffef65ad000 	C:\Xilinx\Vivado\2022.2\lib\win64.o\librdi_netlist.dll
0x00007ffef59d0000 - 0x00007ffef5e40000 	C:\Xilinx\Vivado\2022.2\lib\win64.o\librdi_platform.dll
0x00007ffef50f0000 - 0x00007ffef59c4000 	C:\Xilinx\Vivado\2022.2\lib\win64.o\librdi_power.dll
0x00007ffef4980000 - 0x00007ffef50e7000 	C:\Xilinx\Vivado\2022.2\lib\win64.o\librdi_project.dll
0x00007ffef1860000 - 0x00007ffef4980000 	C:\Xilinx\Vivado\2022.2\lib\win64.o\librdi_place.dll
0x00007fff1a7b0000 - 0x00007fff1a808000 	C:\Xilinx\Vivado\2022.2\lib\win64.o\librdi_schedmon.dll
0x00007fff139e0000 - 0x00007fff13af9000 	C:\Xilinx\Vivado\2022.2\lib\win64.o\librdi_runsbase.dll

dbghelp: loaded successfully - version: 4.0.5 - missing functions: none
symbol engine: initialized successfully - sym options: 0x614 - pdb path: .;C:\Xilinx\Vivado\2022.2\bin\unwrapped\win64.o;C:\WINDOWS\SYSTEM32;C:\Xilinx\Vivado\2022.2\lib\win64.o;C:\WINDOWS\WinSxS\amd64_microsoft.windows.common-controls_6595b64144ccf1df_5.82.22621.1_none_264444516c11df07;C:\Xilinx\Vivado\2022.2\tps\win64\jre11.0.11_9\bin\server;C:\Program Files\Bonjour;C:\Xilinx\Vivado\2022.2\tps\win64\python-3.8.3;C:\Xilinx\Vivado\2022.2\tps\win64\jre11.0.11_9\bin;C:\WINDOWS\WinSxS\amd64_microsoft.windows.common-controls_6595b64144ccf1df_6.0.22621.290_none_a93c417bc112f3a2

VM Arguments:
jvm_args: -Dsun.java2d.pmoffscreen=false -Dhttps.protocols=TLSv1,TLSv1.1,TLSv1.2 -Dsun.java2d.xrender=false -Dsun.java2d.d3d=false -Dsun.awt.nopixfmt=true -Dsun.java2d.dpiaware=true -Dsun.java2d.uiScale.enabled=false -Xverify:none -Dswing.aatext=true -XX:-UsePerfData -Djdk.map.althashing.threshold=512 -XX:StringTableSize=4072 --add-opens=java.desktop/com.sun.awt=ALL-UNNAMED --add-opens=java.desktop/javax.swing.plaf.synth=ALL-UNNAMED --add-opens=java.base/java.nio=ALL-UNNAMED --add-opens=java.desktop/sun.swing=ALL-UNNAMED --add-opens=java.desktop/javax.swing=ALL-UNNAMED --add-opens=java.desktop/javax.swing.tree=ALL-UNNAMED --add-opens=java.desktop/javax.swing.plaf.basic=ALL-UNNAMED --add-opens=java.desktop/javax.swing.plaf.synth=ALL-UNNAMED --add-opens=java.desktop/javax.swing.plaf.basic=ALL-UNNAMED --add-opens=java.desktop/javax.swing=ALL-UNNAMED --add-opens=java.desktop/javax.swing.tree=ALL-UNNAMED --add-opens=java.desktop/java.awt.event=ALL-UNNAMED --add-exports=java.desktop/javax.swing.plaf.synth=ALL-UNNAMED --add-exports=java.base/java.nio=ALL-UNNAMED --add-exports=java.desktop/sun.swing=ALL-UNNAMED --add-exports=java.desktop/javax.swing=ALL-UNNAMED --add-exports=java.desktop/javax.swing.tree=ALL-UNNAMED --add-exports=java.desktop/javax.swing.plaf.basic=ALL-UNNAMED --add-exports=java.desktop/sun.swing=ALL-UNNAMED --add-exports=java.desktop/sun.swing.table=ALL-UNNAMED --add-exports=java.desktop/sun.swing.plaf.synth=ALL-UNNAMED --add-exports=java.desktop/sun.awt.shell=ALL-UNNAMED --add-exports=java.base/sun.security.action=ALL-UNNAMED --add-exports=java.desktop/sun.font=ALL-UNNAMED -XX:NewSize=60m -XX:MaxNewSize=60m -Xms256m -Xmx3072m -Xss5m 
java_command: <unknown>
java_class_path (initial): C:/Xilinx/Vivado/2022.2\lib\classes\alloy.jar;C:/Xilinx/Vivado/2022.2\lib\classes\asm-9.3.jar;C:/Xilinx/Vivado/2022.2\lib\classes\asm-analysis-9.3.jar;C:/Xilinx/Vivado/2022.2\lib\classes\asm-commons-9.3.jar;C:/Xilinx/Vivado/2022.2\lib\classes\asm-tree-9.3.jar;C:/Xilinx/Vivado/2022.2\lib\classes\autoesl-models.jar;C:/Xilinx/Vivado/2022.2\lib\classes\batik-anim.jar;C:/Xilinx/Vivado/2022.2\lib\classes\batik-awt-util.jar;C:/Xilinx/Vivado/2022.2\lib\classes\batik-bridge.jar;C:/Xilinx/Vivado/2022.2\lib\classes\batik-codec.jar;C:/Xilinx/Vivado/2022.2\lib\classes\batik-css.jar;C:/Xilinx/Vivado/2022.2\lib\classes\batik-dom.jar;C:/Xilinx/Vivado/2022.2\lib\classes\batik-ext.jar;C:/Xilinx/Vivado/2022.2\lib\classes\batik-gui-util.jar;C:/Xilinx/Vivado/2022.2\lib\classes\batik-gvt.jar;C:/Xilinx/Vivado/2022.2\lib\classes\batik-parser.jar;C:/Xilinx/Vivado/2022.2\lib\classes\batik-script.jar;C:/Xilinx/Vivado/2022.2\lib\classes\batik-svg-dom.jar;C:/Xilinx/Vivado/2022.2\lib\classes\batik-svggen.jar;C:/Xilinx/Vivado/2022.2\lib\classes\batik-swing.jar;C:/Xilinx/Vivado/2022.2\lib\classes\batik-transcoder.jar;C:/Xilinx/Vivado/2022.2\lib\classes\batik-util.jar;C:/Xilinx/Vivado/2022.2\lib\classes\batik-xml.jar;C:/Xilinx/Vivado/2022.2\lib\classes\com.fasterxml.jackson.core.jackson-annotations_2.12.1.v20210128-1726.jar;C:/Xilinx/Vivado/2022.2\lib\classes\com.fasterxml.jackson.core.jackson-core_2.12.1.v20210128-1726.jar;C:/Xilinx/Vivado/2022.2\lib\classes\com.fasterxml.jackson.core.jackson-databind_2.12.1.v20210128-1726.jar;C:/Xilinx/Vivado/2022.2\lib\classes\com.google.gson_2.8.7.v20210624-1215.jar;C:/Xilinx/Vivado/2022.2\lib\classes\com.google.guava_30.1.0.v20210127-2300.jar;C:/Xilinx/Vivado/2022.2\lib\classes\com.sigasi.hdt.connection_4.15.0.202201101137.jar;C:/Xilinx/Vivado/2022.2\lib\classes\com.sigasi.hdt.epl_4.15.0.202201101137.jar;C:/Xilinx/Vivado/2022.2\lib\classes\com.sigasi.hdt.project_4.15.0.202201101137.jar;C:/Xilinx/Vivado/2022.2\lib\classes\com.sigasi
Launcher Type: generic

[Global flags]
     bool BytecodeVerificationLocal                = false                                     {product} {command line}
     bool BytecodeVerificationRemote               = false                                     {product} {command line}
     intx CICompilerCount                          = 4                                         {product} {ergonomic}
     uint ConcGCThreads                            = 2                                         {product} {ergonomic}
     uint G1ConcRefinementThreads                  = 8                                         {product} {ergonomic}
   size_t G1HeapRegionSize                         = 1048576                                   {product} {ergonomic}
    uintx GCDrainStackTargetSize                   = 64                                        {product} {ergonomic}
   size_t InitialHeapSize                          = 268435456                                 {product} {command line}
   size_t MarkStackSize                            = 4194304                                   {product} {ergonomic}
   size_t MaxHeapSize                              = 3221225472                                {product} {command line}
   size_t MaxNewSize                               = 62914560                                  {product} {command line}
   size_t MinHeapDeltaBytes                        = 1048576                                   {product} {ergonomic}
   size_t NewSize                                  = 62914560                                  {product} {command line}
    uintx NonNMethodCodeHeapSize                   = 5836300                                {pd product} {ergonomic}
    uintx NonProfiledCodeHeapSize                  = 122910970                              {pd product} {ergonomic}
    uintx ProfiledCodeHeapSize                     = 122910970                              {pd product} {ergonomic}
    uintx ReservedCodeCacheSize                    = 251658240                              {pd product} {ergonomic}
     bool SegmentedCodeCache                       = true                                      {product} {ergonomic}
    uintx StringTableSize                          = 4072                                      {product} {command line}
     intx ThreadStackSize                          = 5120                                   {pd product} {command line}
     bool UseCompressedClassPointers               = true                                 {lp64_product} {ergonomic}
     bool UseCompressedOops                        = true                                 {lp64_product} {ergonomic}
     bool UseG1GC                                  = true                                      {product} {ergonomic}
     bool UseLargePagesIndividualAllocation        = false                                  {pd product} {ergonomic}
     bool UsePerfData                              = false                                     {product} {command line}

Logging:
Log output configuration:
 #0: stdout all=warning uptime,level,tags
 #1: stderr all=off uptime,level,tags

Environment Variables:
PATH=C:/Xilinx/Vivado/2022.2/bin;C:/Xilinx/Vivado/2022.2/tps/win64/java-cef-95.0.4638.69/bin/lib/win64;C:/Xilinx/Vivado/2022.2/tps/win64/javafx-sdk-11.0.2/lib;C:/Xilinx/Vivado/2022.2/tps/win64/javafx-sdk-11.0.2/bin;C:/Xilinx/Vivado/2022.2/lib/win64.o;C:/Xilinx/Vivado/2022.2/tps/win64/jre11.0.11_9/bin/server;C:/Xilinx/Vivado/2022.2/tps/win64/jre11.0.11_9/bin;C:/Xilinx/Vivado/2022.2/ids_lite/ISE/bin/nt64;C:/Xilinx/Vivado/2022.2/ids_lite/ISE/lib/nt64;C:/Xilinx/Vitis_HLS/2022.2/bin;C:\windows\system32;C:\windows;C:\windows\System32\Wbem;C:\windows\System32\WindowsPowerShell\v1.0\;C:\windows\System32\OpenSSH\;C:\Program Files (x86)\NVIDIA Corporation\PhysX\Common;C:\Program Files\Intel\WiFi\bin\;C:\Program Files\Common Files\Intel\WirelessCommon\;%SystemRoot%\system32;%SystemRoot%;%SystemRoot%\System32\Wbem;%SYSTEMROOT%\System32\WindowsPowerShell\v1.0\;%SYSTEMROOT%\System32\OpenSSH\;C:\Users\gouth\AppData\Local\Microsoft\WindowsApps;;C:/Xilinx/Vivado/2022.2\tps\mingw\6.2.0\win64.o\nt\bin;C:/Xilinx/Vivado/2022.2\tps\mingw\6.2.0\win64.o\nt\libexec\gcc\x86_64-w64-mingw32\6.2.0;C:/Xilinx/Vivado/2022.2\tps\win64\python-3.8.3;C:/Xilinx/Vivado/2022.2\tps\win64\python-3.8.3\bin;C:/Xilinx/Vivado/2022.2\tps\win64\python-3.8.3\lib;C:/Xilinx/Vivado/2022.2\tps\win64\python-3.8.3\lib\site-packages
USERNAME=gouth
OS=Windows_NT
PROCESSOR_IDENTIFIER=Intel64 Family 6 Model 142 Stepping 11, GenuineIntel



---------------  S Y S T E M  ---------------

OS: Windows 10 , 64 bit Build 22621 (10.0.22621.285)
OS uptime: 0 days 17:26 hours

CPU:total 8 (initial active 8) (4 cores per cpu, 2 threads per core) family 6 model 142 stepping 11 microcode 0xec, cmov, cx8, fxsr, mmx, sse, sse2, sse3, ssse3, sse4.1, sse4.2, popcnt, avx, avx2, aes, clmul, erms, 3dnowpref, lzcnt, ht, tsc, tscinvbit, bmi1, bmi2, adx, fma

Memory: 4k page, system-wide physical 8073M (2599M free)
TotalPageFile size 13961M (AvailPageFile size 7768M)
current process WorkingSet (physical memory assigned to process): 600M, peak: 618M
current process commit charge ("private bytes"): 755M, peak: 776M

vm_info: OpenJDK 64-Bit Server VM (11.0.11+9) for windows-amd64 JRE (11.0.11+9), built on Apr  9 2021 19:32:08 by "" with MS VC++ 15.5 (VS2017)

END.
